--------- beginning of main
08-17 00:05:58.575 I/VRI[MainActivity]@839bce9( 9856): ViewPostIme pointer 0
08-17 00:05:58.579 I/VRI[MainActivity]@839bce9( 9856): call setFrameRateCategory for touch hint category=high hint, reason=touch, vri=VRI[MainActivity]@839bce9
08-17 00:05:58.598 I/VRI[MainActivity]@839bce9( 9856): ViewPostIme pointer 1
08-17 00:05:59.095 I/VRI[MainActivity]@839bce9( 9856): ViewPostIme pointer 0
08-17 00:05:59.186 I/VRI[MainActivity]@839bce9( 9856): ViewPostIme pointer 1
08-17 00:05:59.189 I/ReactNativeJS( 9856): Starting Google Sign-In...
08-17 00:05:59.194 I/ReactNativeJS( 9856): Attempting Google Sign In...
08-17 00:05:59.213 W/unknown:BridgelessReact( 9856): ReactHost{0}.onUserLeaveHint(activity)
08-17 00:05:59.213 D/SessionLifecycleClient( 9856): Sending lifecycle 2 to service
08-17 00:05:59.214 W/unknown:BridgelessReact( 9856): ReactHost{0}.onHostPause(activity)
08-17 00:05:59.214 D/SessionLifecycleService( 9856): Activity backgrounding at 9016730
08-17 00:05:59.214 W/unknown:BridgelessReact( 9856): ReactContext.onHostPause()
08-17 00:05:59.214 I/ReactNativeJS( 9856): '📱 App state changed to:', 'background'
08-17 00:05:59.214 I/ReactNativeJS( 9856): 'ℹ️ App state is', 'background', '- subscription check only runs when app becomes active'
--------- beginning of system
08-17 00:05:59.228 D/ActivityThread( 9856): com.ballerbizoy.ballerai will use render engine as VK
08-17 00:05:59.248 I/DecorView( 9856): setWindowBackground: isPopOver=false color=0 d=android.graphics.drawable.ColorDrawable@d339146
08-17 00:05:59.250 D/SessionLifecycleClient( 9856): Sending lifecycle 1 to service
08-17 00:05:59.250 D/SessionLifecycleService( 9856): Activity foregrounding at 9016766.
08-17 00:05:59.252 I/ViewRootImpl( 9856): dVRR is disabled
08-17 00:05:59.253 D/NativeCustomFrequencyManager( 9856): [NativeCFMS] BpCustomFrequencyManager::BpCustomFrequencyManager()
08-17 00:05:59.258 D/InputTransport( 9856): Input channel constructed: 'ed8d446', fd=222
08-17 00:05:59.259 I/InsetsController( 9856): onStateChanged: host=com.ballerbizoy.ballerai/com.google.android.gms.auth.api.signin.internal.SignInHubActivity, from=android.view.ViewRootImpl.setView:1999, state=InsetsState: {mDisplayFrame=Rect(0, 0 - 1080, 2340), mDisplayCutout=DisplayCutout{insets=Rect(0, 80 - 0, 0) waterfall=Insets{left=0, top=0, right=0, bottom=0} boundingRect={Bounds=[Rect(0, 0 - 0, 0), Rect(472, 0 - 608, 80), Rect(0, 0 - 0, 0), Rect(0, 0 - 0, 0)]} cutoutPathParserInfo={CutoutPathParserInfo{displayWidth=1080 displayHeight=2340 physicalDisplayWidth=1080 physicalDisplayHeight=2340 density={2.8125} cutoutSpec={M 0,0 H -24.177777778 V 28.4444444444 H 24.177777778 V 0 H 0 Z @dp} rotation={0} scale={1.0} physicalPixelDisplaySizeRatio={1.0}}} sideOverrides={}}, mRoundedCorners=RoundedCorners{[RoundedCorner{position=TopLeft, radius=113, center=Point(113, 113)}, RoundedCorner{position=TopRight, radius=113, center=Point(967, 113)}, RoundedCorner{position=BottomRight, radius=113, center=Point(967, 2227)}, RoundedCorner{position=BottomLeft, radius=113, center=Point(113, 2227)}]}  mRoundedCornerFrame=Rect(0, 0 - 1080, 2340), mPrivacyIndicatorBounds=PrivacyIndicatorBounds {static bounds=Rect(956, 0 - 1080, 80) rotation=0}, mDisplayShape=DisplayShape{ spec=-311912193 displayWidth=1080 displayHeight=2340 physicalPixelDisplaySizeRatio=1.0 rotation=0 offsetX=0 offsetY=0 scale=1.0}, mSources= { InsetsSource: {27 mType=displayCutout mFrame=[0,0][1080,80] mVisible=true mFlags= mSideHint=TOP mBoundingRects=null}, InsetsSource: {566a0000 mType=statusBars mFrame=[0,0][1080,80] mVisible=true mFlags= mSideHint=TOP mBoundingRects=null}, InsetsSource: {566a0005 mType=mandatorySystemGestures mFrame=[0,0][1080,114] mVisible=true mFlags= mSideHint=TOP mBoundingRects=null}, InsetsSource: {566a0006 mType=tappableElement mFrame=[0,0][1080,80] mVisible=true mFlags= mSideHint=TOP mBoundingRects=null}, InsetsSource: {5fa10001 mType=navigationBars mFrame=[0,2205][1080,2340] mVisible=true mFlags= mSideHint=BOTTOM mBoundingRects=null}, InsetsSource: {5fa10004 mType=systemGestures mFrame=[0,0][0,0] mVisible=true mFlags= mSideHint=NONE mBoundingRects=null}, InsetsSource: {5fa10005 mType=mandatorySystemGestures mFrame=[0,2205][1080,2340] mVisible=true mFlags= mSideHint=BOTTOM mBoundingRects=null}, InsetsSource: {5fa10006 mType=tappableElement mFrame=[0,2205][1080,2340] mVisible=true mFlags= mSideHint=BOTTOM mBoundingRects=null}, InsetsSource: {5fa10024 mType=systemGestures mFrame=[0,0][0,0] mVisible=true mFlags= mSideHint=NONE mBoundingRects=null} }
08-17 00:05:59.259 I/VRI[SignInHubActivity]@9ce33a0( 9856): synced displayState. AttachInfo displayState=2
08-17 00:05:59.260 I/VRI[SignInHubActivity]@9ce33a0( 9856): setView = com.android.internal.policy.DecorView@e19ac91 IsHRR=false TM=true
08-17 00:05:59.261 D/SessionLifecycleClient( 9856): Sending lifecycle 2 to service
08-17 00:05:59.261 D/SessionLifecycleService( 9856): Activity backgrounding at 9016777
08-17 00:05:59.266 D/HWUI    ( 9856): HWUI - treat SMPTE_170M as sRGB
08-17 00:05:59.273 I/InsetsController( 9856): onStateChanged: host=com.ballerbizoy.ballerai/com.google.android.gms.auth.api.signin.internal.SignInHubActivity, from=android.view.ViewRootImpl.relayoutWindow:11304, state=InsetsState: {mDisplayFrame=Rect(0, 0 - 1080, 2340), mDisplayCutout=DisplayCutout{insets=Rect(0, 80 - 0, 0) waterfall=Insets{left=0, top=0, right=0, bottom=0} boundingRect={Bounds=[Rect(0, 0 - 0, 0), Rect(472, 0 - 608, 80), Rect(0, 0 - 0, 0), Rect(0, 0 - 0, 0)]} cutoutPathParserInfo={CutoutPathParserInfo{displayWidth=1080 displayHeight=2340 physicalDisplayWidth=1080 physicalDisplayHeight=2340 density={2.8125} cutoutSpec={M 0,0 H -24.177777778 V 28.4444444444 H 24.177777778 V 0 H 0 Z @dp} rotation={0} scale={1.0} physicalPixelDisplaySizeRatio={1.0}}} sideOverrides={}}, mRoundedCorners=RoundedCorners{[RoundedCorner{position=TopLeft, radius=113, center=Point(113, 113)}, RoundedCorner{position=TopRight, radius=113, center=Point(967, 113)}, RoundedCorner{position=BottomRight, radius=113, center=Point(967, 2227)}, RoundedCorner{position=BottomLeft, radius=113, center=Point(113, 2227)}]}  mRoundedCornerFrame=Rect(0, 0 - 1080, 2340), mPrivacyIndicatorBounds=PrivacyIndicatorBounds {static bounds=Rect(956, 0 - 1080, 80) rotation=0}, mDisplayShape=DisplayShape{ spec=-311912193 displayWidth=1080 displayHeight=2340 physicalPixelDisplaySizeRatio=1.0 rotation=0 offsetX=0 offsetY=0 scale=1.0}, mSources= { InsetsSource: {3 mType=ime mFrame=[0,0][0,0] mVisible=false mFlags= mSideHint=NONE mBoundingRects=null}, InsetsSource: {27 mType=displayCutout mFrame=[0,0][1080,80] mVisible=true mFlags= mSideHint=TOP mBoundingRects=null}, InsetsSource: {566a0000 mType=statusBars mFrame=[0,0][1080,80] mVisible=true mFlags= mSideHint=TOP mBoundingRects=null}, InsetsSource: {566a0005 mType=mandatorySystemGestures mFrame=[0,0][1080,114] mVisible=true mFlags= mSideHint=TOP mBoundingRects=null}, InsetsSource: {566a0006 mType=tappableElement mFrame=[0,0][1080,80] mVisible=true mFlags= mSideHint=TOP mBoundingRects=null}, InsetsSource: {5fa10001 mType=navigationBars mFrame=[0,2205][1080,2340] mVisible=true mFlags= mSideHint=BOTTOM mBoundingRects=null}, InsetsSource: {5fa10004 mType=systemGestures mFrame=[0,0][0,0] mVisible=true mFlags= mSideHint=NONE mBoundingRects=null}, InsetsSource: {5fa10005 mType=mandatorySystemGestures mFrame=[0,2205][1080,2340] mVisible=true mFlags= mSideHint=BOTTOM mBoundingRects=null}, InsetsSource: {5fa10006 mType=tappableElement mFrame=[0,2205][1080,2340] mVisible=true mFlags= mSideHint=BOTTOM mBoundingRects=null}, InsetsSource: {5fa10024 mType=systemGestures mFrame=[0,0][0,0] mVisible=true mFlags= mSideHint=NONE mBoundingRects=null} }
08-17 00:05:59.274 D/BufferQueueConsumer( 9856): [](id:268000000023,api:0,p:-1,c:9856) connect: controlledByApp=false
08-17 00:05:59.274 I/BLASTBufferQueue( 9856): [VRI[SignInHubActivity]@9ce33a0#35](f:0,a:0,s:0) constructor()
08-17 00:05:59.274 I/BLASTBufferQueue_Java( 9856): new BLASTBufferQueue, mName= VRI[SignInHubActivity]@9ce33a0 mNativeObject= 0xb400007ba385e000 sc.mNativeObject= 0xb400007a5b27ef80 caller= android.view.ViewRootImpl.updateBlastSurfaceIfNeeded:3397 android.view.ViewRootImpl.relayoutWindow:11361 android.view.ViewRootImpl.performTraversals:4544 android.view.ViewRootImpl.doTraversal:3708 android.view.ViewRootImpl$TraversalRunnable.run:12542 android.view.Choreographer$CallbackRecord.run:1751 android.view.Choreographer$CallbackRecord.run:1760 android.view.Choreographer.doCallbacks:1216 android.view.Choreographer.doFrame:1142 android.view.Choreographer$FrameDisplayEventReceiver.run:1707 
08-17 00:05:59.275 I/BLASTBufferQueue_Java( 9856): update, w= 1080 h= 2340 mName = VRI[SignInHubActivity]@9ce33a0 mNativeObject= 0xb400007ba385e000 sc.mNativeObject= 0xb400007a5b27ef80 format= -2 caller= android.graphics.BLASTBufferQueue.<init>:88 android.view.ViewRootImpl.updateBlastSurfaceIfNeeded:3397 android.view.ViewRootImpl.relayoutWindow:11361 android.view.ViewRootImpl.performTraversals:4544 android.view.ViewRootImpl.doTraversal:3708 android.view.ViewRootImpl$TraversalRunnable.run:12542 
08-17 00:05:59.275 I/BLASTBufferQueue( 9856): [VRI[SignInHubActivity]@9ce33a0#35](f:0,a:0,s:0) update width=1080 height=2340 format=-2 mTransformHint=0
08-17 00:05:59.276 I/VRI[SignInHubActivity]@9ce33a0( 9856): Relayout returned: old=(0,0,1080,2340) new=(0,0,1080,2340) relayoutAsync=false req=(1080,2340)0 dur=7 res=0x3 s={true 0xb400007a92d43000} ch=true seqId=0
08-17 00:05:59.277 I/VRI[SignInHubActivity]@9ce33a0( 9856): performConfigurationChange setNightDimText nightDimLevel=0
08-17 00:05:59.277 D/VRI[SignInHubActivity]@9ce33a0( 9856): mThreadedRenderer.initialize() mSurface={isValid=true 0xb400007a92d43000} hwInitialized=true
08-17 00:05:59.278 D/VRI[SignInHubActivity]@9ce33a0( 9856): reportNextDraw android.view.ViewRootImpl.performTraversals:5193 android.view.ViewRootImpl.doTraversal:3708 android.view.ViewRootImpl$TraversalRunnable.run:12542 android.view.Choreographer$CallbackRecord.run:1751 android.view.Choreographer$CallbackRecord.run:1760 
08-17 00:05:59.278 D/VRI[SignInHubActivity]@9ce33a0( 9856): Setup new sync=wmsSync-VRI[SignInHubActivity]@9ce33a0#94
08-17 00:05:59.278 I/VRI[SignInHubActivity]@9ce33a0( 9856): Creating new active sync group VRI[SignInHubActivity]@9ce33a0#95
08-17 00:05:59.279 D/VRI[SignInHubActivity]@9ce33a0( 9856): registerCallbacksForSync syncBuffer=false
08-17 00:05:59.284 D/VRI[SignInHubActivity]@9ce33a0( 9856): Received frameDrawingCallback syncResult=0 frameNum=1.
08-17 00:05:59.284 I/VRI[SignInHubActivity]@9ce33a0( 9856): mWNT: t=0xb400007a23da8400 mBlastBufferQueue=0xb400007ba385e000 fn= 1 HdrRenderState mRenderHdrSdrRatio=1.0 caller= android.view.ViewRootImpl$11.onFrameDraw:15016 android.view.ThreadedRenderer$1.onFrameDraw:761 <bottom of call stack> 
08-17 00:05:59.284 I/VRI[SignInHubActivity]@9ce33a0( 9856): Setting up sync and frameCommitCallback
08-17 00:05:59.289 I/BLASTBufferQueue( 9856): [VRI[SignInHubActivity]@9ce33a0#35](f:0,a:0,s:0) onFrameAvailable the first frame is available
08-17 00:05:59.289 I/BLASTBufferQueue( 9856): [VRI[SignInHubActivity]@9ce33a0#35](f:0,a:1,s:0) acquireNextBufferLocked size=1080x2340 mFrameNumber=1 applyTransaction=true mTimestamp=9016804697536(auto) mPendingTransactions.size=0 graphicBufferId=42331197669516 transform=0
08-17 00:05:59.289 I/VRI[SignInHubActivity]@9ce33a0( 9856): Received frameCommittedCallback lastAttemptedDrawFrameNum=1 didProduceBuffer=true
08-17 00:05:59.290 D/HWUI    ( 9856): CFMS:: SetUp Pid : 9856    Tid : 9957
08-17 00:05:59.290 D/VRI[SignInHubActivity]@9ce33a0( 9856): reportDrawFinished seqId=0
08-17 00:05:59.290 I/ImeFocusController( 9856): onPreWindowFocus: skipped hasWindowFocus=false mHasImeFocus=true
08-17 00:05:59.290 I/ImeFocusController( 9856): onPostWindowFocus: skipped hasWindowFocus=false mHasImeFocus=true
08-17 00:05:59.374 I/InsetsSourceConsumer( 9856): applyRequestedVisibilityToControl: visible=true, type=navigationBars, host=com.ballerbizoy.ballerai/com.google.android.gms.auth.api.signin.internal.SignInHubActivity
08-17 00:05:59.374 I/InsetsSourceConsumer( 9856): applyRequestedVisibilityToControl: visible=true, type=statusBars, host=com.ballerbizoy.ballerai/com.google.android.gms.auth.api.signin.internal.SignInHubActivity
08-17 00:05:59.378 D/InputTransport( 9856): Input channel destroyed: 'ClientS', fd=191
08-17 00:06:00.605 I/InsetsController( 9856): onStateChanged: host=com.ballerbizoy.ballerai/com.google.android.gms.auth.api.signin.internal.SignInHubActivity, from=android.view.ViewRootImpl.handleInsetsControlChanged:2888, state=InsetsState: {mDisplayFrame=Rect(0, 0 - 1080, 2340), mDisplayCutout=DisplayCutout{insets=Rect(0, 80 - 0, 0) waterfall=Insets{left=0, top=0, right=0, bottom=0} boundingRect={Bounds=[Rect(0, 0 - 0, 0), Rect(472, 0 - 608, 80), Rect(0, 0 - 0, 0), Rect(0, 0 - 0, 0)]} cutoutPathParserInfo={CutoutPathParserInfo{displayWidth=1080 displayHeight=2340 physicalDisplayWidth=1080 physicalDisplayHeight=2340 density={2.8125} cutoutSpec={M 0,0 H -24.177777778 V 28.4444444444 H 24.177777778 V 0 H 0 Z @dp} rotation={0} scale={1.0} physicalPixelDisplaySizeRatio={1.0}}} sideOverrides={}}, mRoundedCorners=RoundedCorners{[RoundedCorner{position=TopLeft, radius=113, center=Point(113, 113)}, RoundedCorner{position=TopRight, radius=113, center=Point(967, 113)}, RoundedCorner{position=BottomRight, radius=113, center=Point(967, 2227)}, RoundedCorner{position=BottomLeft, radius=113, center=Point(113, 2227)}]}  mRoundedCornerFrame=Rect(0, 0 - 1080, 2340), mPrivacyIndicatorBounds=PrivacyIndicatorBounds {static bounds=Rect(956, 0 - 1080, 80) rotation=0}, mDisplayShape=DisplayShape{ spec=-311912193 displayWidth=1080 displayHeight=2340 physicalPixelDisplaySizeRatio=1.0 rotation=0 offsetX=0 offsetY=0 scale=1.0}, mSources= { InsetsSource: {27 mType=displayCutout mFrame=[0,0][1080,80] mVisible=true mFlags= mSideHint=TOP mBoundingRects=null}, InsetsSource: {566a0000 mType=statusBars mFrame=[0,0][1080,80] mVisible=true mFlags= mSideHint=TOP mBoundingRects=null}, InsetsSource: {566a0005 mType=mandatorySystemGestures mFrame=[0,0][1080,114] mVisible=true mFlags= mSideHint=TOP mBoundingRects=null}, InsetsSource: {566a0006 mType=tappableElement mFrame=[0,0][1080,80] mVisible=true mFlags= mSideHint=TOP mBoundingRects=null}, InsetsSource: {5fa10001 mType=navigationBars mFrame=[0,2205][1080,2340] mVisible=true mFlags= mSideHint=BOTTOM mBoundingRects=null}, InsetsSource: {5fa10004 mType=systemGestures mFrame=[0,0][0,0] mVisible=true mFlags= mSideHint=NONE mBoundingRects=null}, InsetsSource: {5fa10005 mType=mandatorySystemGestures mFrame=[0,2205][1080,2340] mVisible=true mFlags= mSideHint=BOTTOM mBoundingRects=null}, InsetsSource: {5fa10006 mType=tappableElement mFrame=[0,2205][1080,2340] mVisible=true mFlags= mSideHint=BOTTOM mBoundingRects=null}, InsetsSource: {5fa10024 mType=systemGestures mFrame=[0,0][0,0] mVisible=true mFlags= mSideHint=NONE mBoundingRects=null} }
08-17 00:06:00.605 I/InsetsSourceConsumer( 9856): applyRequestedVisibilityToControl: visible=true, type=navigationBars, host=com.ballerbizoy.ballerai/com.google.android.gms.auth.api.signin.internal.SignInHubActivity
08-17 00:06:00.606 I/InsetsSourceConsumer( 9856): applyRequestedVisibilityToControl: visible=true, type=statusBars, host=com.ballerbizoy.ballerai/com.google.android.gms.auth.api.signin.internal.SignInHubActivity
08-17 00:06:00.640 E/ReactNativeJS( 9856): 'Google Sign-In error:', { [Error: DEVELOPER_ERROR: Follow troubleshooting instructions at https://react-native-google-signin.github.io/docs/troubleshooting] nativeStackAndroid: [], userInfo: null, code: '10' }
08-17 00:06:00.641 W/unknown:BridgelessReact( 9856): ReactHost{0}.onHostResume(activity)
08-17 00:06:00.641 W/unknown:BridgelessReact( 9856): ReactContext.onHostResume()
08-17 00:06:00.642 D/VRI[SignInHubActivity]@9ce33a0( 9856): mThreadedRenderer.initializeIfNeeded()#2 mSurface={isValid=true 0xb400007a92d43000}
08-17 00:06:00.642 D/InputMethodManagerUtils( 9856): startInputInner - Id : 0
08-17 00:06:00.642 I/InputMethodManager( 9856): startInputInner - IInputMethodManagerGlobalInvoker.startInputOrWindowGainedFocus
08-17 00:06:00.645 E/unknown:ReactNative( 9856): console.error: Google Sign-In error: Error: DEVELOPER_ERROR: Follow troubleshooting instructions at https://react-native-google-signin.github.io/docs/troubleshooting, stack:
08-17 00:06:00.645 E/unknown:ReactNative( 9856): _construct@1:106662
08-17 00:06:00.645 E/unknown:ReactNative( 9856): Wrapper@1:106316
08-17 00:06:00.645 E/unknown:ReactNative( 9856): _callSuper@1:104315
08-17 00:06:00.645 E/unknown:ReactNative( 9856): SyntheticError@1:105803
08-17 00:06:00.645 E/unknown:ReactNative( 9856): reactConsoleErrorHandler@1:105464
08-17 00:06:00.645 E/unknown:ReactNative( 9856): ?anon_0_@1:2759041
08-17 00:06:00.645 E/unknown:ReactNative( 9856): asyncGeneratorStep@1:486854
08-17 00:06:00.645 E/unknown:ReactNative( 9856): _throw@1:487159
08-17 00:06:00.645 W/WindowOnBackDispatcher( 9856): OnBackInvokedCallback is not enabled for the application.
08-17 00:06:00.645 W/WindowOnBackDispatcher( 9856): Set 'android:enableOnBackInvokedCallback="true"' in the application manifest.
08-17 00:06:00.646 D/SessionLifecycleClient( 9856): Sending lifecycle 1 to service
08-17 00:06:00.646 I/Dialog  ( 9856): mIsDeviceDefault = false, mIsSamsungBasicInteraction = false, isMetaDataInActivity = false
08-17 00:06:00.647 D/SessionLifecycleService( 9856): Activity foregrounding at 9018162.
08-17 00:06:00.650 I/DecorView( 9856): setWindowBackground: isPopOver=false color=fff1f1f3 d=android.graphics.drawable.InsetDrawable@3edddd7
08-17 00:06:00.650 I/ReactNativeJS( 9856): '📱 App state changed to:', 'active'
08-17 00:06:00.654 I/ReactNativeJS( 9856): '🔍 App became active - checking if subscription check needed:', { currentTime: '12:06:00 AM',
08-17 00:06:00.654 I/ReactNativeJS( 9856):   lastCheckTime: '12:04:13 AM',
08-17 00:06:00.654 I/ReactNativeJS( 9856):   timeSinceLastCheck: '107s',
08-17 00:06:00.654 I/ReactNativeJS( 9856):   cooldownRequired: '45s' }
08-17 00:06:00.654 I/ReactNativeJS( 9856): ✅ COOLDOWN PASSED - Running foreground subscription check
08-17 00:06:00.654 I/ReactNativeJS( 9856): '⏰ Time since last check:', '107 seconds'
08-17 00:06:00.656 D/ScrollView( 9856): initGoToTop
08-17 00:06:00.659 I/WindowManager( 9856): WindowManagerGlobal#addView, ty=2, view=com.android.internal.policy.DecorView{7656ee1 V.E...... R.....I. 0,0-0,0}[MainActivity], caller=android.view.WindowManagerImpl.addView:158 android.app.Dialog.show:511 androidx.fragment.app.DialogFragment.onStart:993 
08-17 00:06:00.661 I/ViewRootImpl( 9856): dVRR is disabled
08-17 00:06:00.663 D/NativeCustomFrequencyManager( 9856): [NativeCFMS] BpCustomFrequencyManager::BpCustomFrequencyManager()
08-17 00:06:00.667 D/InputTransport( 9856): Input channel constructed: 'ClientS', fd=196
08-17 00:06:00.689 D/InputTransport( 9856): Input channel constructed: '220e598', fd=219
08-17 00:06:00.689 I/InsetsController( 9856): onStateChanged: host=com.ballerbizoy.ballerai/com.ballerbizoy.ballerai.MainActivity, from=android.view.ViewRootImpl.setView:1999, state=InsetsState: {mDisplayFrame=Rect(0, 0 - 1080, 2340), mDisplayCutout=DisplayCutout{insets=Rect(0, 80 - 0, 0) waterfall=Insets{left=0, top=0, right=0, bottom=0} boundingRect={Bounds=[Rect(0, 0 - 0, 0), Rect(472, 0 - 608, 80), Rect(0, 0 - 0, 0), Rect(0, 0 - 0, 0)]} cutoutPathParserInfo={CutoutPathParserInfo{displayWidth=1080 displayHeight=2340 physicalDisplayWidth=1080 physicalDisplayHeight=2340 density={2.8125} cutoutSpec={M 0,0 H -24.177777778 V 28.4444444444 H 24.177777778 V 0 H 0 Z @dp} rotation={0} scale={1.0} physicalPixelDisplaySizeRatio={1.0}}} sideOverrides={}}, mRoundedCorners=RoundedCorners{[RoundedCorner{position=TopLeft, radius=113, center=Point(113, 113)}, RoundedCorner{position=TopRight, radius=113, center=Point(967, 113)}, RoundedCorner{position=BottomRight, radius=113, center=Point(967, 2227)}, RoundedCorner{position=BottomLeft, radius=113, center=Point(113, 2227)}]}  mRoundedCornerFrame=Rect(0, 0 - 1080, 2340), mPrivacyIndicatorBounds=PrivacyIndicatorBounds {static bounds=Rect(956, 0 - 1080, 80) rotation=0}, mDisplayShape=DisplayShape{ spec=-311912193 displayWidth=1080 displayHeight=2340 physicalPixelDisplaySizeRatio=1.0 rotation=0 offsetX=0 offsetY=0 scale=1.0}, mSources= { InsetsSource: {27 mType=displayCutout mFrame=[0,0][1080,80] mVisible=true mFlags= mSideHint=TOP mBoundingRects=null}, InsetsSource: {566a0000 mType=statusBars mFrame=[0,0][1080,80] mVisible=true mFlags= mSideHint=TOP mBoundingRects=null}, InsetsSource: {566a0005 mType=mandatorySystemGestures mFrame=[0,0][1080,114] mVisible=true mFlags= mSideHint=TOP mBoundingRects=null}, InsetsSource: {566a0006 mType=tappableElement mFrame=[0,0][1080,80] mVisible=true mFlags= mSideHint=TOP mBoundingRects=null}, InsetsSource: {5fa10001 mType=navigationBars mFrame=[0,2205][1080,2340] mVisible=true mFlags= mSideHint=BOTTOM mBoundingRects=null}, InsetsSource: {5fa10004 mType=systemGestures mFrame=[0,0][0,0] mVisible=true mFlags= mSideHint=NONE mBoundingRects=null}, InsetsSource: {5fa10005 mType=mandatorySystemGestures mFrame=[0,2205][1080,2340] mVisible=true mFlags= mSideHint=BOTTOM mBoundingRects=null}, InsetsSource: {5fa10006 mType=tappableElement mFrame=[0,2205][1080,2340] mVisible=true mFlags= mSideHint=BOTTOM mBoundingRects=null}, InsetsSource: {5fa10024 mType=systemGestures mFrame=[0,0][0,0] mVisible=true mFlags= mSideHint=NONE mBoundingRects=null} }
08-17 00:06:00.689 I/VRI[MainActivity]@e864a92( 9856): synced displayState. AttachInfo displayState=2
08-17 00:06:00.689 I/VRI[MainActivity]@e864a92( 9856): setView = com.android.internal.policy.DecorView@7656ee1 IsHRR=false TM=true
08-17 00:06:00.707 I/InsetsSourceConsumer( 9856): applyRequestedVisibilityToControl: visible=true, type=navigationBars, host=com.ballerbizoy.ballerai/com.ballerbizoy.ballerai.MainActivity
08-17 00:06:00.708 I/InsetsSourceConsumer( 9856): applyRequestedVisibilityToControl: visible=true, type=statusBars, host=com.ballerbizoy.ballerai/com.ballerbizoy.ballerai.MainActivity
08-17 00:06:00.708 D/BufferQueueConsumer( 9856): [](id:268000000024,api:0,p:-1,c:9856) connect: controlledByApp=false
08-17 00:06:00.710 I/BLASTBufferQueue( 9856): [VRI[MainActivity]@e864a92#36](f:0,a:0,s:0) constructor()
08-17 00:06:00.710 I/BLASTBufferQueue_Java( 9856): new BLASTBufferQueue, mName= VRI[MainActivity]@e864a92 mNativeObject= 0xb400007a5af5f000 sc.mNativeObject= 0xb400007a5b286c80 caller= android.view.ViewRootImpl.updateBlastSurfaceIfNeeded:3397 android.view.ViewRootImpl.relayoutWindow:11361 android.view.ViewRootImpl.performTraversals:4544 android.view.ViewRootImpl.doTraversal:3708 android.view.ViewRootImpl$TraversalRunnable.run:12542 android.view.Choreographer$CallbackRecord.run:1751 android.view.Choreographer$CallbackRecord.run:1760 android.view.Choreographer.doCallbacks:1216 android.view.Choreographer.doFrame:1142 android.view.Choreographer$FrameDisplayEventReceiver.run:1707 
08-17 00:06:00.710 I/BLASTBufferQueue_Java( 9856): update, w= 1206 h= 814 mName = VRI[MainActivity]@e864a92 mNativeObject= 0xb400007a5af5f000 sc.mNativeObject= 0xb400007a5b286c80 format= -3 caller= android.graphics.BLASTBufferQueue.<init>:88 android.view.ViewRootImpl.updateBlastSurfaceIfNeeded:3397 android.view.ViewRootImpl.relayoutWindow:11361 android.view.ViewRootImpl.performTraversals:4544 android.view.ViewRootImpl.doTraversal:3708 android.view.ViewRootImpl$TraversalRunnable.run:12542 
08-17 00:06:00.710 I/BLASTBufferQueue( 9856): [VRI[MainActivity]@e864a92#36](f:0,a:0,s:0) update width=1206 height=814 format=-3 mTransformHint=0
08-17 00:06:00.711 I/VRI[MainActivity]@e864a92( 9856): Relayout returned: old=(0,80,1080,2205) new=(27,825,1053,1459) relayoutAsync=false req=(1026,634)0 dur=14 res=0x3 s={true 0xb400007a23d63000} ch=true seqId=0
08-17 00:06:00.711 I/VRI[MainActivity]@e864a92( 9856): performConfigurationChange setNightDimText nightDimLevel=0
08-17 00:06:00.711 D/VRI[MainActivity]@e864a92( 9856): mThreadedRenderer.initialize() mSurface={isValid=true 0xb400007a23d63000} hwInitialized=true
08-17 00:06:00.712 D/ScrollView( 9856):  onsize change changed 
08-17 00:06:00.712 D/VRI[MainActivity]@e864a92( 9856): reportNextDraw android.view.ViewRootImpl.performTraversals:5193 android.view.ViewRootImpl.doTraversal:3708 android.view.ViewRootImpl$TraversalRunnable.run:12542 android.view.Choreographer$CallbackRecord.run:1751 android.view.Choreographer$CallbackRecord.run:1760 
08-17 00:06:00.713 D/VRI[MainActivity]@e864a92( 9856): Setup new sync=wmsSync-VRI[MainActivity]@e864a92#96
08-17 00:06:00.713 I/VRI[MainActivity]@e864a92( 9856): Creating new active sync group VRI[MainActivity]@e864a92#97
08-17 00:06:00.713 D/VRI[MainActivity]@e864a92( 9856): registerCallbacksForSync syncBuffer=false
08-17 00:06:00.715 D/VRI[MainActivity]@e864a92( 9856): Received frameDrawingCallback syncResult=0 frameNum=1.
08-17 00:06:00.715 I/VRI[MainActivity]@e864a92( 9856): mWNT: t=0xb400007a5a9d4480 mBlastBufferQueue=0xb400007a5af5f000 fn= 1 HdrRenderState mRenderHdrSdrRatio=1.0 caller= android.view.ViewRootImpl$11.onFrameDraw:15016 android.view.ThreadedRenderer$1.onFrameDraw:761 <bottom of call stack> 
08-17 00:06:00.715 I/VRI[MainActivity]@e864a92( 9856): Setting up sync and frameCommitCallback
08-17 00:06:00.719 I/BLASTBufferQueue( 9856): [VRI[MainActivity]@e864a92#36](f:0,a:0,s:0) onFrameAvailable the first frame is available
08-17 00:06:00.719 I/BLASTBufferQueue( 9856): [VRI[MainActivity]@e864a92#36](f:0,a:1,s:0) acquireNextBufferLocked size=1206x814 mFrameNumber=1 applyTransaction=true mTimestamp=9018235460306(auto) mPendingTransactions.size=0 graphicBufferId=42331197669520 transform=0
08-17 00:06:00.720 I/VRI[MainActivity]@e864a92( 9856): Received frameCommittedCallback lastAttemptedDrawFrameNum=1 didProduceBuffer=true
08-17 00:06:00.722 D/HWUI    ( 9856): CFMS:: SetUp Pid : 9856    Tid : 9957
08-17 00:06:00.722 D/VRI[MainActivity]@e864a92( 9856): reportDrawFinished seqId=0
08-17 00:06:00.726 I/InsetsController( 9856): onStateChanged: host=com.ballerbizoy.ballerai/com.ballerbizoy.ballerai.MainActivity, from=android.view.ViewRootImpl.handleInsetsControlChanged:2888, state=InsetsState: {mDisplayFrame=Rect(0, 0 - 1080, 2340), mDisplayCutout=DisplayCutout{insets=Rect(0, 80 - 0, 0) waterfall=Insets{left=0, top=0, right=0, bottom=0} boundingRect={Bounds=[Rect(0, 0 - 0, 0), Rect(472, 0 - 608, 80), Rect(0, 0 - 0, 0), Rect(0, 0 - 0, 0)]} cutoutPathParserInfo={CutoutPathParserInfo{displayWidth=1080 displayHeight=2340 physicalDisplayWidth=1080 physicalDisplayHeight=2340 density={2.8125} cutoutSpec={M 0,0 H -24.177777778 V 28.4444444444 H 24.177777778 V 0 H 0 Z @dp} rotation={0} scale={1.0} physicalPixelDisplaySizeRatio={1.0}}} sideOverrides={}}, mRoundedCorners=RoundedCorners{[RoundedCorner{position=TopLeft, radius=113, center=Point(113, 113)}, RoundedCorner{position=TopRight, radius=113, center=Point(967, 113)}, RoundedCorner{position=BottomRight, radius=113, center=Point(967, 2227)}, RoundedCorner{position=BottomLeft, radius=113, center=Point(113, 2227)}]}  mRoundedCornerFrame=Rect(0, 0 - 1080, 2340), mPrivacyIndicatorBounds=PrivacyIndicatorBounds {static bounds=Rect(956, 0 - 1080, 80) rotation=0}, mDisplayShape=DisplayShape{ spec=-311912193 displayWidth=1080 displayHeight=2340 physicalPixelDisplaySizeRatio=1.0 rotation=0 offsetX=0 offsetY=0 scale=1.0}, mSources= { InsetsSource: {27 mType=displayCutout mFrame=[0,0][1080,80] mVisible=true mFlags= mSideHint=TOP mBoundingRects=null}, InsetsSource: {566a0000 mType=statusBars mFrame=[0,0][1080,80] mVisible=true mFlags= mSideHint=TOP mBoundingRects=null}, InsetsSource: {566a0005 mType=mandatorySystemGestures mFrame=[0,0][1080,114] mVisible=true mFlags= mSideHint=TOP mBoundingRects=null}, InsetsSource: {566a0006 mType=tappableElement mFrame=[0,0][1080,80] mVisible=true mFlags= mSideHint=TOP mBoundingRects=null}, InsetsSource: {5fa10001 mType=navigationBars mFrame=[0,2205][1080,2340] mVisible=true mFlags= mSideHint=BOTTOM mBoundingRects=null}, InsetsSource: {5fa10004 mType=systemGestures mFrame=[0,0][0,0] mVisible=true mFlags= mSideHint=NONE mBoundingRects=null}, InsetsSource: {5fa10005 mType=mandatorySystemGestures mFrame=[0,2205][1080,2340] mVisible=true mFlags= mSideHint=BOTTOM mBoundingRects=null}, InsetsSource: {5fa10006 mType=tappableElement mFrame=[0,2205][1080,2340] mVisible=true mFlags= mSideHint=BOTTOM mBoundingRects=null}, InsetsSource: {5fa10024 mType=systemGestures mFrame=[0,0][0,0] mVisible=true mFlags= mSideHint=NONE mBoundingRects=null} }
08-17 00:06:00.727 I/InsetsSourceConsumer( 9856): applyRequestedVisibilityToControl: visible=true, type=navigationBars, host=com.ballerbizoy.ballerai/com.ballerbizoy.ballerai.MainActivity
08-17 00:06:00.728 I/InsetsSourceConsumer( 9856): applyRequestedVisibilityToControl: visible=true, type=statusBars, host=com.ballerbizoy.ballerai/com.ballerbizoy.ballerai.MainActivity
08-17 00:06:00.729 D/HWUI    ( 9856): HWUI - treat SMPTE_170M as sRGB
08-17 00:06:00.729 I/VRI[SignInHubActivity]@9ce33a0( 9856): handleAppVisibility mAppVisible = true visible = false
08-17 00:06:00.730 D/VRI[SignInHubActivity]@9ce33a0( 9856): visibilityChanged oldVisibility=true newVisibility=false
08-17 00:06:00.730 I/ImeFocusController( 9856): onPreWindowFocus: skipped hasWindowFocus=false mHasImeFocus=true
08-17 00:06:00.730 I/ImeFocusController( 9856): onPostWindowFocus: skipped hasWindowFocus=false mHasImeFocus=true
08-17 00:06:00.730 I/ImeFocusController( 9856): onPreWindowFocus: skipped hasWindowFocus=false mHasImeFocus=true
08-17 00:06:00.731 I/ImeFocusController( 9856): onPostWindowFocus: skipped hasWindowFocus=false mHasImeFocus=true
08-17 00:06:00.754 I/ReactNativeJS( 9856): 'AppsFlyer conversion data:', { status: 'failure',
08-17 00:06:00.754 I/ReactNativeJS( 9856):   type: 'onInstallConversionFailure',
08-17 00:06:00.754 I/ReactNativeJS( 9856):   data: 'Launch status code: 404' }
08-17 00:06:00.754 I/ReactNativeJS( 9856): 'AppsFlyer conversion data error:', 'Launch status code: 404'
08-17 00:06:00.754 I/InsetsSourceConsumer( 9856): applyRequestedVisibilityToControl: visible=false, type=ime, host=com.ballerbizoy.ballerai/com.google.android.gms.auth.api.signin.internal.SignInHubActivity
08-17 00:06:00.756 I/BLASTBufferQueue( 9856): [VRI[SignInHubActivity]@9ce33a0#35](f:0,a:1,s:0) destructor()
08-17 00:06:00.756 D/BufferQueueConsumer( 9856): [VRI[SignInHubActivity]@9ce33a0#35(BLAST Consumer)35](id:268000000023,api:0,p:-1,c:9856) disconnect
08-17 00:06:00.757 I/VRI[SignInHubActivity]@9ce33a0( 9856): Relayout returned: old=(0,0,1080,2340) new=(0,0,1080,2340) relayoutAsync=false req=(1080,2340)8 dur=12 res=0x2 s={false 0x0} ch=true seqId=0
08-17 00:06:00.757 D/VRI[SignInHubActivity]@9ce33a0( 9856): Not drawing due to not visible. Reason=!mAppVisible && !mForceDecorViewVisibility
08-17 00:06:00.760 I/InsetsController( 9856): onStateChanged: host=com.ballerbizoy.ballerai/com.ballerbizoy.ballerai.MainActivity, from=android.view.ViewRootImpl.handleInsetsControlChanged:2888, state=InsetsState: {mDisplayFrame=Rect(0, 0 - 1080, 2340), mDisplayCutout=DisplayCutout{insets=Rect(0, 80 - 0, 0) waterfall=Insets{left=0, top=0, right=0, bottom=0} boundingRect={Bounds=[Rect(0, 0 - 0, 0), Rect(472, 0 - 608, 80), Rect(0, 0 - 0, 0), Rect(0, 0 - 0, 0)]} cutoutPathParserInfo={CutoutPathParserInfo{displayWidth=1080 displayHeight=2340 physicalDisplayWidth=1080 physicalDisplayHeight=2340 density={2.8125} cutoutSpec={M 0,0 H -24.177777778 V 28.4444444444 H 24.177777778 V 0 H 0 Z @dp} rotation={0} scale={1.0} physicalPixelDisplaySizeRatio={1.0}}} sideOverrides={}}, mRoundedCorners=RoundedCorners{[RoundedCorner{position=TopLeft, radius=113, center=Point(113, 113)}, RoundedCorner{position=TopRight, radius=113, center=Point(967, 113)}, RoundedCorner{position=BottomRight, radius=113, center=Point(967, 2227)}, RoundedCorner{position=BottomLeft, radius=113, center=Point(113, 2227)}]}  mRoundedCornerFrame=Rect(0, 0 - 1080, 2340), mPrivacyIndicatorBounds=PrivacyIndicatorBounds {static bounds=Rect(956, 0 - 1080, 80) rotation=0}, mDisplayShape=DisplayShape{ spec=-311912193 displayWidth=1080 displayHeight=2340 physicalPixelDisplaySizeRatio=1.0 rotation=0 offsetX=0 offsetY=0 scale=1.0}, mSources= { InsetsSource: {3 mType=ime mFrame=[0,0][0,0] mVisible=false mFlags= mSideHint=NONE mBoundingRects=null}, InsetsSource: {27 mType=displayCutout mFrame=[0,0][1080,80] mVisible=true mFlags= mSideHint=TOP mBoundingRects=null}, InsetsSource: {566a0000 mType=statusBars mFrame=[0,0][1080,80] mVisible=true mFlags= mSideHint=TOP mBoundingRects=null}, InsetsSource: {566a0005 mType=mandatorySystemGestures mFrame=[0,0][1080,114] mVisible=true mFlags= mSideHint=TOP mBoundingRects=null}, InsetsSource: {566a0006 mType=tappableElement mFrame=[0,0][1080,80] mVisible=true mFlags= mSideHint=TOP mBoundingRects=null}, InsetsSource: {5fa10001 mType=navigationBars mFrame=[0,2205][1080,2340] mVisible=true mFlags= mSideHint=BOTTOM mBoundingRects=null}, InsetsSource: {5fa10004 mType=systemGestures mFrame=[0,0][0,0] mVisible=true mFlags= mSideHint=NONE mBoundingRects=null}, InsetsSource: {5fa10005 mType=mandatorySystemGestures mFrame=[0,2205][1080,2340] mVisible=true mFlags= mSideHint=BOTTOM mBoundingRects=null}, InsetsSource: {5fa10006 mType=tappableElement mFrame=[0,2205][1080,2340] mVisible=true mFlags= mSideHint=BOTTOM mBoundingRects=null}, InsetsSource: {5fa10024 mType=systemGestures mFrame=[0,0][0,0] mVisible=true mFlags= mSideHint=NONE mBoundingRects=null} }
08-17 00:06:00.761 I/VRI[MainActivity]@e864a92( 9856): handleResized, frames=ClientWindowFrames{frame=[27,825][1053,1459] display=[0,80][1080,2205] parentFrame=[0,0][0,0]} displayId=0 dragResizing=false compatScale=1.0 frameChanged=false attachedFrameChanged=false configChanged=false displayChanged=false compatScaleChanged=false dragResizingChanged=false
08-17 00:06:00.761 I/VRI[MainActivity]@e864a92( 9856): handleResized mSyncSeqId = 0
08-17 00:06:00.761 D/VRI[MainActivity]@e864a92( 9856): reportNextDraw android.view.ViewRootImpl.handleResized:2864 android.view.ViewRootImpl.-$$Nest$mhandleResized:0 android.view.ViewRootImpl$W.resized:13691 android.app.servertransaction.WindowStateResizeItem.execute:64 android.app.servertransaction.WindowStateTransactionItem.execute:59 
08-17 00:06:00.762 I/VRI[SignInHubActivity]@9ce33a0( 9856): stopped(true) old = false
08-17 00:06:00.762 D/VRI[SignInHubActivity]@9ce33a0( 9856): WindowStopped on com.ballerbizoy.ballerai/com.google.android.gms.auth.api.signin.internal.SignInHubActivity set to true
08-17 00:06:00.765 W/WindowOnBackDispatcher( 9856): sendCancelIfRunning: isInProgress=false callback=android.view.ViewRootImpl$$ExternalSyntheticLambda15@cb2a664
08-17 00:06:00.771 I/VRI[SignInHubActivity]@9ce33a0( 9856): dispatchDetachedFromWindow
08-17 00:06:00.778 D/InputTransport( 9856): Input channel destroyed: 'ed8d446', fd=222
08-17 00:06:00.779 D/VRI[MainActivity]@e864a92( 9856): Setup new sync=wmsSync-VRI[MainActivity]@e864a92#98
08-17 00:06:00.779 I/VRI[MainActivity]@e864a92( 9856): Creating new active sync group VRI[MainActivity]@e864a92#99
08-17 00:06:00.779 I/ReactNativeJS( 9856): '📍 Current path during foreground check (from ref):', '/welcome'
08-17 00:06:00.779 I/ReactNativeJS( 9856): '🎯 User is on main tabs:', false
08-17 00:06:00.779 I/ReactNativeJS( 9856): 🚫 User is not on main tabs - skipping foreground subscription check
08-17 00:06:00.779 D/VRI[MainActivity]@e864a92( 9856): registerCallbacksForSync syncBuffer=false
08-17 00:06:00.779 D/VRI[MainActivity]@e864a92( 9856): Received frameDrawingCallback syncResult=0 frameNum=3.
08-17 00:06:00.779 I/VRI[MainActivity]@e864a92( 9856): Setting up sync and frameCommitCallback
08-17 00:06:00.779 I/VRI[MainActivity]@e864a92( 9856): Received frameCommittedCallback lastAttemptedDrawFrameNum=3 didProduceBuffer=false
08-17 00:06:00.779 I/BLASTBufferQueue_Java( 9856): gatherPendingTransactions, mName= VRI[MainActivity]@e864a92 mNativeObject= 0xb400007a5af5f000 frameNumber= 3 caller= android.view.ViewRootImpl$11.lambda$onFrameDraw$3:15100 android.view.ViewRootImpl$11.$r8$lambda$lOIKKNnrcWn9ZndeJebfX4H5mOg:0 android.view.ViewRootImpl$11$$ExternalSyntheticLambda3.onFrameCommit:0 android.view.ThreadedRenderer$1.lambda$onFrameDraw$0:773 android.view.ThreadedRenderer$1$$ExternalSyntheticLambda0.onFrameCommit:0 <bottom of call stack> 
08-17 00:06:00.780 D/VRI[MainActivity]@e864a92( 9856): reportDrawFinished seqId=0
08-17 00:06:00.780 D/VRI[MainActivity]@e864a92( 9856): mThreadedRenderer.initializeIfNeeded()#2 mSurface={isValid=true 0xb400007a23d63000}
08-17 00:06:00.780 I/ImeFocusController( 9856): onPreWindowFocus: skipped hasWindowFocus=true mHasImeFocus=false
08-17 00:06:00.780 I/ImeFocusController( 9856): onPostWindowFocus: skipped hasWindowFocus=true mHasImeFocus=false
08-17 00:06:01.263 I/VRI[MainActivity]@e864a92( 9856): ViewPostIme pointer 0
08-17 00:06:01.264 I/VRI[MainActivity]@e864a92( 9856): call setFrameRateCategory for touch hint category=high hint, reason=touch, vri=VRI[MainActivity]@e864a92
08-17 00:06:01.365 I/VRI[MainActivity]@e864a92( 9856): ViewPostIme pointer 1
08-17 00:06:01.374 I/WindowManager( 9856): WindowManagerGlobal#removeView, ty=2, view=com.android.internal.policy.DecorView{7656ee1 V.E...... R......D 0,0-1026,634}[MainActivity], caller=android.view.WindowManagerGlobal.removeView:626 android.view.WindowManagerImpl.removeViewImmediate:216 android.app.Dialog.dismissDialog:808 
08-17 00:06:01.374 W/WindowOnBackDispatcher( 9856): sendCancelIfRunning: isInProgress=false callback=android.view.ViewRootImpl$$ExternalSyntheticLambda15@56c99ea
08-17 00:06:01.379 D/HWUI    ( 9856): endAllActiveAnimators on 0xb400007a5b3db000 (RippleDrawable) with handle 0xb400007a333cee40
08-17 00:06:01.379 I/VRI[MainActivity]@e864a92( 9856): dispatchDetachedFromWindow
08-17 00:06:01.389 I/BLASTBufferQueue( 9856): [VRI[MainActivity]@e864a92#36](f:0,a:1,s:0) destructor()
08-17 00:06:01.389 D/BufferQueueConsumer( 9856): [VRI[MainActivity]@e864a92#36(BLAST Consumer)36](id:268000000024,api:0,p:-1,c:9856) disconnect
08-17 00:06:01.392 D/InputTransport( 9856): Input channel destroyed: '220e598', fd=219
08-17 00:06:01.392 W/WindowOnBackDispatcher( 9856): OnBackInvokedCallback is not enabled for the application.
08-17 00:06:01.392 W/WindowOnBackDispatcher( 9856): Set 'android:enableOnBackInvokedCallback="true"' in the application manifest.
08-17 00:06:01.395 I/InsetsSourceConsumer( 9856): applyRequestedVisibilityToControl: visible=true, type=navigationBars, host=com.ballerbizoy.ballerai/com.ballerbizoy.ballerai.MainActivity
08-17 00:06:01.396 I/InsetsSourceConsumer( 9856): applyRequestedVisibilityToControl: visible=true, type=statusBars, host=com.ballerbizoy.ballerai/com.ballerbizoy.ballerai.MainActivity
08-17 00:06:01.411 D/VRI[MainActivity]@839bce9( 9856): mThreadedRenderer.initializeIfNeeded()#2 mSurface={isValid=true 0xb400007a95949800}
08-17 00:06:01.411 D/InputMethodManagerUtils( 9856): startInputInner - Id : 0
08-17 00:06:01.411 I/InputMethodManager( 9856): startInputInner - IInputMethodManagerGlobalInvoker.startInputOrWindowGainedFocus
08-17 00:06:01.418 D/InputTransport( 9856): Input channel constructed: 'ClientS', fd=191
08-17 00:06:01.431 I/InsetsSourceConsumer( 9856): applyRequestedVisibilityToControl: visible=false, type=ime, host=com.ballerbizoy.ballerai/com.ballerbizoy.ballerai.MainActivity
08-17 00:06:02.188 I/VRI[MainActivity]@839bce9( 9856): call setFrameRateCategory for touch hint category=no preference, reason=boost timeout, vri=VRI[MainActivity]@839bce9
08-17 00:06:17.750 I/VRI[MainActivity]@839bce9( 9856): ViewPostIme pointer 0
08-17 00:06:17.755 I/VRI[MainActivity]@839bce9( 9856): call setFrameRateCategory for touch hint category=high hint, reason=touch, vri=VRI[MainActivity]@839bce9
08-17 00:06:17.802 I/VRI[MainActivity]@839bce9( 9856): ViewPostIme pointer 1
08-17 00:06:17.807 I/ReactNativeJS( 9856): Starting Google Sign-In...
08-17 00:06:17.811 I/ReactNativeJS( 9856): Attempting Google Sign In...
08-17 00:06:17.828 W/unknown:BridgelessReact( 9856): ReactHost{0}.onUserLeaveHint(activity)
08-17 00:06:17.829 W/unknown:BridgelessReact( 9856): ReactHost{0}.onHostPause(activity)
08-17 00:06:17.829 W/unknown:BridgelessReact( 9856): ReactContext.onHostPause()
08-17 00:06:17.829 D/SessionLifecycleClient( 9856): Sending lifecycle 2 to service
08-17 00:06:17.830 D/SessionLifecycleService( 9856): Activity backgrounding at 9035346
08-17 00:06:17.830 I/ReactNativeJS( 9856): '📱 App state changed to:', 'background'
08-17 00:06:17.830 I/ReactNativeJS( 9856): 'ℹ️ App state is', 'background', '- subscription check only runs when app becomes active'
08-17 00:06:17.843 D/ActivityThread( 9856): com.ballerbizoy.ballerai will use render engine as VK
08-17 00:06:17.866 I/DecorView( 9856): setWindowBackground: isPopOver=false color=0 d=android.graphics.drawable.ColorDrawable@11564a1
08-17 00:06:17.868 D/SessionLifecycleClient( 9856): Sending lifecycle 1 to service
08-17 00:06:17.868 D/SessionLifecycleService( 9856): Activity foregrounding at 9035385.
08-17 00:06:17.870 I/ViewRootImpl( 9856): dVRR is disabled
08-17 00:06:17.871 D/NativeCustomFrequencyManager( 9856): [NativeCFMS] BpCustomFrequencyManager::BpCustomFrequencyManager()
08-17 00:06:17.875 D/InputTransport( 9856): Input channel constructed: 'ff09988', fd=215
08-17 00:06:17.875 I/InsetsController( 9856): onStateChanged: host=com.ballerbizoy.ballerai/com.google.android.gms.auth.api.signin.internal.SignInHubActivity, from=android.view.ViewRootImpl.setView:1999, state=InsetsState: {mDisplayFrame=Rect(0, 0 - 1080, 2340), mDisplayCutout=DisplayCutout{insets=Rect(0, 80 - 0, 0) waterfall=Insets{left=0, top=0, right=0, bottom=0} boundingRect={Bounds=[Rect(0, 0 - 0, 0), Rect(472, 0 - 608, 80), Rect(0, 0 - 0, 0), Rect(0, 0 - 0, 0)]} cutoutPathParserInfo={CutoutPathParserInfo{displayWidth=1080 displayHeight=2340 physicalDisplayWidth=1080 physicalDisplayHeight=2340 density={2.8125} cutoutSpec={M 0,0 H -24.177777778 V 28.4444444444 H 24.177777778 V 0 H 0 Z @dp} rotation={0} scale={1.0} physicalPixelDisplaySizeRatio={1.0}}} sideOverrides={}}, mRoundedCorners=RoundedCorners{[RoundedCorner{position=TopLeft, radius=113, center=Point(113, 113)}, RoundedCorner{position=TopRight, radius=113, center=Point(967, 113)}, RoundedCorner{position=BottomRight, radius=113, center=Point(967, 2227)}, RoundedCorner{position=BottomLeft, radius=113, center=Point(113, 2227)}]}  mRoundedCornerFrame=Rect(0, 0 - 1080, 2340), mPrivacyIndicatorBounds=PrivacyIndicatorBounds {static bounds=Rect(956, 0 - 1080, 80) rotation=0}, mDisplayShape=DisplayShape{ spec=-311912193 displayWidth=1080 displayHeight=2340 physicalPixelDisplaySizeRatio=1.0 rotation=0 offsetX=0 offsetY=0 scale=1.0}, mSources= { InsetsSource: {27 mType=displayCutout mFrame=[0,0][1080,80] mVisible=true mFlags= mSideHint=TOP mBoundingRects=null}, InsetsSource: {566a0000 mType=statusBars mFrame=[0,0][1080,80] mVisible=true mFlags= mSideHint=TOP mBoundingRects=null}, InsetsSource: {566a0005 mType=mandatorySystemGestures mFrame=[0,0][1080,114] mVisible=true mFlags= mSideHint=TOP mBoundingRects=null}, InsetsSource: {566a0006 mType=tappableElement mFrame=[0,0][1080,80] mVisible=true mFlags= mSideHint=TOP mBoundingRects=null}, InsetsSource: {5fa10001 mType=navigationBars mFrame=[0,2205][1080,2340] mVisible=true mFlags= mSideHint=BOTTOM mBoundingRects=null}, InsetsSource: {5fa10004 mType=systemGestures mFrame=[0,0][0,0] mVisible=true mFlags= mSideHint=NONE mBoundingRects=null}, InsetsSource: {5fa10005 mType=mandatorySystemGestures mFrame=[0,2205][1080,2340] mVisible=true mFlags= mSideHint=BOTTOM mBoundingRects=null}, InsetsSource: {5fa10006 mType=tappableElement mFrame=[0,2205][1080,2340] mVisible=true mFlags= mSideHint=BOTTOM mBoundingRects=null}, InsetsSource: {5fa10024 mType=systemGestures mFrame=[0,0][0,0] mVisible=true mFlags= mSideHint=NONE mBoundingRects=null} }
08-17 00:06:17.875 I/VRI[SignInHubActivity]@18506d9( 9856): synced displayState. AttachInfo displayState=2
08-17 00:06:17.876 I/VRI[SignInHubActivity]@18506d9( 9856): setView = com.android.internal.policy.DecorView@56be038 IsHRR=false TM=true
08-17 00:06:17.878 D/SessionLifecycleClient( 9856): Sending lifecycle 2 to service
08-17 00:06:17.878 D/SessionLifecycleService( 9856): Activity backgrounding at 9035395
08-17 00:06:17.887 D/HWUI    ( 9856): HWUI - treat SMPTE_170M as sRGB
08-17 00:06:17.895 I/InsetsController( 9856): onStateChanged: host=com.ballerbizoy.ballerai/com.google.android.gms.auth.api.signin.internal.SignInHubActivity, from=android.view.ViewRootImpl.relayoutWindow:11304, state=InsetsState: {mDisplayFrame=Rect(0, 0 - 1080, 2340), mDisplayCutout=DisplayCutout{insets=Rect(0, 80 - 0, 0) waterfall=Insets{left=0, top=0, right=0, bottom=0} boundingRect={Bounds=[Rect(0, 0 - 0, 0), Rect(472, 0 - 608, 80), Rect(0, 0 - 0, 0), Rect(0, 0 - 0, 0)]} cutoutPathParserInfo={CutoutPathParserInfo{displayWidth=1080 displayHeight=2340 physicalDisplayWidth=1080 physicalDisplayHeight=2340 density={2.8125} cutoutSpec={M 0,0 H -24.177777778 V 28.4444444444 H 24.177777778 V 0 H 0 Z @dp} rotation={0} scale={1.0} physicalPixelDisplaySizeRatio={1.0}}} sideOverrides={}}, mRoundedCorners=RoundedCorners{[RoundedCorner{position=TopLeft, radius=113, center=Point(113, 113)}, RoundedCorner{position=TopRight, radius=113, center=Point(967, 113)}, RoundedCorner{position=BottomRight, radius=113, center=Point(967, 2227)}, RoundedCorner{position=BottomLeft, radius=113, center=Point(113, 2227)}]}  mRoundedCornerFrame=Rect(0, 0 - 1080, 2340), mPrivacyIndicatorBounds=PrivacyIndicatorBounds {static bounds=Rect(956, 0 - 1080, 80) rotation=0}, mDisplayShape=DisplayShape{ spec=-311912193 displayWidth=1080 displayHeight=2340 physicalPixelDisplaySizeRatio=1.0 rotation=0 offsetX=0 offsetY=0 scale=1.0}, mSources= { InsetsSource: {3 mType=ime mFrame=[0,0][0,0] mVisible=false mFlags= mSideHint=NONE mBoundingRects=null}, InsetsSource: {27 mType=displayCutout mFrame=[0,0][1080,80] mVisible=true mFlags= mSideHint=TOP mBoundingRects=null}, InsetsSource: {566a0000 mType=statusBars mFrame=[0,0][1080,80] mVisible=true mFlags= mSideHint=TOP mBoundingRects=null}, InsetsSource: {566a0005 mType=mandatorySystemGestures mFrame=[0,0][1080,114] mVisible=true mFlags= mSideHint=TOP mBoundingRects=null}, InsetsSource: {566a0006 mType=tappableElement mFrame=[0,0][1080,80] mVisible=true mFlags= mSideHint=TOP mBoundingRects=null}, InsetsSource: {5fa10001 mType=navigationBars mFrame=[0,2205][1080,2340] mVisible=true mFlags= mSideHint=BOTTOM mBoundingRects=null}, InsetsSource: {5fa10004 mType=systemGestures mFrame=[0,0][0,0] mVisible=true mFlags= mSideHint=NONE mBoundingRects=null}, InsetsSource: {5fa10005 mType=mandatorySystemGestures mFrame=[0,2205][1080,2340] mVisible=true mFlags= mSideHint=BOTTOM mBoundingRects=null}, InsetsSource: {5fa10006 mType=tappableElement mFrame=[0,2205][1080,2340] mVisible=true mFlags= mSideHint=BOTTOM mBoundingRects=null}, InsetsSource: {5fa10024 mType=systemGestures mFrame=[0,0][0,0] mVisible=true mFlags= mSideHint=NONE mBoundingRects=null} }
08-17 00:06:17.896 D/BufferQueueConsumer( 9856): [](id:268000000025,api:0,p:-1,c:9856) connect: controlledByApp=false
08-17 00:06:17.898 I/BLASTBufferQueue( 9856): [VRI[SignInHubActivity]@18506d9#37](f:0,a:0,s:0) constructor()
08-17 00:06:17.898 I/BLASTBufferQueue_Java( 9856): new BLASTBufferQueue, mName= VRI[SignInHubActivity]@18506d9 mNativeObject= 0xb400007ba385e000 sc.mNativeObject= 0xb400007a5b3d8e40 caller= android.view.ViewRootImpl.updateBlastSurfaceIfNeeded:3397 android.view.ViewRootImpl.relayoutWindow:11361 android.view.ViewRootImpl.performTraversals:4544 android.view.ViewRootImpl.doTraversal:3708 android.view.ViewRootImpl$TraversalRunnable.run:12542 android.view.Choreographer$CallbackRecord.run:1751 android.view.Choreographer$CallbackRecord.run:1760 android.view.Choreographer.doCallbacks:1216 android.view.Choreographer.doFrame:1142 android.view.Choreographer$FrameDisplayEventReceiver.run:1707 
08-17 00:06:17.898 I/BLASTBufferQueue_Java( 9856): update, w= 1080 h= 2340 mName = VRI[SignInHubActivity]@18506d9 mNativeObject= 0xb400007ba385e000 sc.mNativeObject= 0xb400007a5b3d8e40 format= -2 caller= android.graphics.BLASTBufferQueue.<init>:88 android.view.ViewRootImpl.updateBlastSurfaceIfNeeded:3397 android.view.ViewRootImpl.relayoutWindow:11361 android.view.ViewRootImpl.performTraversals:4544 android.view.ViewRootImpl.doTraversal:3708 android.view.ViewRootImpl$TraversalRunnable.run:12542 
08-17 00:06:17.898 I/BLASTBufferQueue( 9856): [VRI[SignInHubActivity]@18506d9#37](f:0,a:0,s:0) update width=1080 height=2340 format=-2 mTransformHint=0
08-17 00:06:17.898 I/VRI[SignInHubActivity]@18506d9( 9856): Relayout returned: old=(0,0,1080,2340) new=(0,0,1080,2340) relayoutAsync=false req=(1080,2340)0 dur=8 res=0x3 s={true 0xb400007a23d63000} ch=true seqId=0
08-17 00:06:17.899 I/VRI[SignInHubActivity]@18506d9( 9856): performConfigurationChange setNightDimText nightDimLevel=0
08-17 00:06:17.899 D/VRI[SignInHubActivity]@18506d9( 9856): mThreadedRenderer.initialize() mSurface={isValid=true 0xb400007a23d63000} hwInitialized=true
08-17 00:06:17.900 D/VRI[SignInHubActivity]@18506d9( 9856): reportNextDraw android.view.ViewRootImpl.performTraversals:5193 android.view.ViewRootImpl.doTraversal:3708 android.view.ViewRootImpl$TraversalRunnable.run:12542 android.view.Choreographer$CallbackRecord.run:1751 android.view.Choreographer$CallbackRecord.run:1760 
08-17 00:06:17.900 D/VRI[SignInHubActivity]@18506d9( 9856): Setup new sync=wmsSync-VRI[SignInHubActivity]@18506d9#0
08-17 00:06:17.900 I/VRI[SignInHubActivity]@18506d9( 9856): Creating new active sync group VRI[SignInHubActivity]@18506d9#1
08-17 00:06:17.901 D/VRI[SignInHubActivity]@18506d9( 9856): registerCallbacksForSync syncBuffer=false
08-17 00:06:17.902 D/VRI[SignInHubActivity]@18506d9( 9856): Received frameDrawingCallback syncResult=0 frameNum=1.
08-17 00:06:17.902 I/VRI[SignInHubActivity]@18506d9( 9856): mWNT: t=0xb400007a5aecf200 mBlastBufferQueue=0xb400007ba385e000 fn= 1 HdrRenderState mRenderHdrSdrRatio=1.0 caller= android.view.ViewRootImpl$11.onFrameDraw:15016 android.view.ThreadedRenderer$1.onFrameDraw:761 <bottom of call stack> 
08-17 00:06:17.902 I/VRI[SignInHubActivity]@18506d9( 9856): Setting up sync and frameCommitCallback
08-17 00:06:17.908 I/BLASTBufferQueue( 9856): [VRI[SignInHubActivity]@18506d9#37](f:0,a:0,s:0) onFrameAvailable the first frame is available
08-17 00:06:17.908 I/BLASTBufferQueue( 9856): [VRI[SignInHubActivity]@18506d9#37](f:0,a:1,s:0) acquireNextBufferLocked size=1080x2340 mFrameNumber=1 applyTransaction=true mTimestamp=9035424665153(auto) mPendingTransactions.size=0 graphicBufferId=42331197669524 transform=0
08-17 00:06:17.908 I/VRI[SignInHubActivity]@18506d9( 9856): Received frameCommittedCallback lastAttemptedDrawFrameNum=1 didProduceBuffer=true
08-17 00:06:17.910 D/HWUI    ( 9856): CFMS:: SetUp Pid : 9856    Tid : 9957
08-17 00:06:17.910 D/VRI[SignInHubActivity]@18506d9( 9856): reportDrawFinished seqId=0
08-17 00:06:17.910 I/ImeFocusController( 9856): onPreWindowFocus: skipped hasWindowFocus=false mHasImeFocus=true
08-17 00:06:17.910 I/ImeFocusController( 9856): onPostWindowFocus: skipped hasWindowFocus=false mHasImeFocus=true
08-17 00:06:17.977 I/InsetsSourceConsumer( 9856): applyRequestedVisibilityToControl: visible=true, type=navigationBars, host=com.ballerbizoy.ballerai/com.google.android.gms.auth.api.signin.internal.SignInHubActivity
08-17 00:06:17.977 I/InsetsSourceConsumer( 9856): applyRequestedVisibilityToControl: visible=true, type=statusBars, host=com.ballerbizoy.ballerai/com.google.android.gms.auth.api.signin.internal.SignInHubActivity
08-17 00:06:18.085 D/InputTransport( 9856): Input channel destroyed: 'ClientS', fd=196
08-17 00:06:19.217 I/InsetsController( 9856): onStateChanged: host=com.ballerbizoy.ballerai/com.google.android.gms.auth.api.signin.internal.SignInHubActivity, from=android.view.ViewRootImpl.handleInsetsControlChanged:2888, state=InsetsState: {mDisplayFrame=Rect(0, 0 - 1080, 2340), mDisplayCutout=DisplayCutout{insets=Rect(0, 80 - 0, 0) waterfall=Insets{left=0, top=0, right=0, bottom=0} boundingRect={Bounds=[Rect(0, 0 - 0, 0), Rect(472, 0 - 608, 80), Rect(0, 0 - 0, 0), Rect(0, 0 - 0, 0)]} cutoutPathParserInfo={CutoutPathParserInfo{displayWidth=1080 displayHeight=2340 physicalDisplayWidth=1080 physicalDisplayHeight=2340 density={2.8125} cutoutSpec={M 0,0 H -24.177777778 V 28.4444444444 H 24.177777778 V 0 H 0 Z @dp} rotation={0} scale={1.0} physicalPixelDisplaySizeRatio={1.0}}} sideOverrides={}}, mRoundedCorners=RoundedCorners{[RoundedCorner{position=TopLeft, radius=113, center=Point(113, 113)}, RoundedCorner{position=TopRight, radius=113, center=Point(967, 113)}, RoundedCorner{position=BottomRight, radius=113, center=Point(967, 2227)}, RoundedCorner{position=BottomLeft, radius=113, center=Point(113, 2227)}]}  mRoundedCornerFrame=Rect(0, 0 - 1080, 2340), mPrivacyIndicatorBounds=PrivacyIndicatorBounds {static bounds=Rect(956, 0 - 1080, 80) rotation=0}, mDisplayShape=DisplayShape{ spec=-311912193 displayWidth=1080 displayHeight=2340 physicalPixelDisplaySizeRatio=1.0 rotation=0 offsetX=0 offsetY=0 scale=1.0}, mSources= { InsetsSource: {27 mType=displayCutout mFrame=[0,0][1080,80] mVisible=true mFlags= mSideHint=TOP mBoundingRects=null}, InsetsSource: {566a0000 mType=statusBars mFrame=[0,0][1080,80] mVisible=true mFlags= mSideHint=TOP mBoundingRects=null}, InsetsSource: {566a0005 mType=mandatorySystemGestures mFrame=[0,0][1080,114] mVisible=true mFlags= mSideHint=TOP mBoundingRects=null}, InsetsSource: {566a0006 mType=tappableElement mFrame=[0,0][1080,80] mVisible=true mFlags= mSideHint=TOP mBoundingRects=null}, InsetsSource: {5fa10001 mType=navigationBars mFrame=[0,2205][1080,2340] mVisible=true mFlags= mSideHint=BOTTOM mBoundingRects=null}, InsetsSource: {5fa10004 mType=systemGestures mFrame=[0,0][0,0] mVisible=true mFlags= mSideHint=NONE mBoundingRects=null}, InsetsSource: {5fa10005 mType=mandatorySystemGestures mFrame=[0,2205][1080,2340] mVisible=true mFlags= mSideHint=BOTTOM mBoundingRects=null}, InsetsSource: {5fa10006 mType=tappableElement mFrame=[0,2205][1080,2340] mVisible=true mFlags= mSideHint=BOTTOM mBoundingRects=null}, InsetsSource: {5fa10024 mType=systemGestures mFrame=[0,0][0,0] mVisible=true mFlags= mSideHint=NONE mBoundingRects=null} }
08-17 00:06:19.217 I/InsetsSourceConsumer( 9856): applyRequestedVisibilityToControl: visible=true, type=navigationBars, host=com.ballerbizoy.ballerai/com.google.android.gms.auth.api.signin.internal.SignInHubActivity
08-17 00:06:19.218 I/InsetsSourceConsumer( 9856): applyRequestedVisibilityToControl: visible=true, type=statusBars, host=com.ballerbizoy.ballerai/com.google.android.gms.auth.api.signin.internal.SignInHubActivity
08-17 00:06:19.242 W/unknown:BridgelessReact( 9856): ReactHost{0}.onHostResume(activity)
08-17 00:06:19.243 W/unknown:BridgelessReact( 9856): ReactContext.onHostResume()
08-17 00:06:19.244 D/VRI[SignInHubActivity]@18506d9( 9856): mThreadedRenderer.initializeIfNeeded()#2 mSurface={isValid=true 0xb400007a23d63000}
08-17 00:06:19.244 D/InputMethodManagerUtils( 9856): startInputInner - Id : 0
08-17 00:06:19.244 I/InputMethodManager( 9856): startInputInner - IInputMethodManagerGlobalInvoker.startInputOrWindowGainedFocus
08-17 00:06:19.244 E/ReactNativeJS( 9856): 'Google Sign-In error:', { [Error: DEVELOPER_ERROR: Follow troubleshooting instructions at https://react-native-google-signin.github.io/docs/troubleshooting] nativeStackAndroid: [], userInfo: null, code: '10' }
08-17 00:06:19.246 I/ReactNativeJS( 9856): '📱 App state changed to:', 'active'
08-17 00:06:19.247 I/ReactNativeJS( 9856): '🔍 App became active - checking if subscription check needed:', { currentTime: '12:06:19 AM',
08-17 00:06:19.247 I/ReactNativeJS( 9856):   lastCheckTime: '12:06:00 AM',
08-17 00:06:19.247 I/ReactNativeJS( 9856):   timeSinceLastCheck: '18s',
08-17 00:06:19.247 I/ReactNativeJS( 9856):   cooldownRequired: '45s' }
08-17 00:06:19.247 I/ReactNativeJS( 9856): ⏳ COOLDOWN ACTIVE - Foreground check skipped
08-17 00:06:19.247 I/ReactNativeJS( 9856): '⏰ Time remaining in cooldown:', '27 seconds'
08-17 00:06:19.248 I/ReactNativeJS( 9856): '🔄 Next check available at:', '12:06:45 AM'
08-17 00:06:19.249 I/VRI[SignInHubActivity]@18506d9( 9856): handleAppVisibility mAppVisible = true visible = false
08-17 00:06:19.249 D/VRI[SignInHubActivity]@18506d9( 9856): visibilityChanged oldVisibility=true newVisibility=false
08-17 00:06:19.250 D/SessionLifecycleClient( 9856): Sending lifecycle 1 to service
08-17 00:06:19.253 E/unknown:ReactNative( 9856): console.error: Google Sign-In error: Error: DEVELOPER_ERROR: Follow troubleshooting instructions at https://react-native-google-signin.github.io/docs/troubleshooting, stack:
08-17 00:06:19.253 E/unknown:ReactNative( 9856): _construct@1:106662
08-17 00:06:19.253 E/unknown:ReactNative( 9856): Wrapper@1:106316
08-17 00:06:19.253 E/unknown:ReactNative( 9856): _callSuper@1:104315
08-17 00:06:19.253 E/unknown:ReactNative( 9856): SyntheticError@1:105803
08-17 00:06:19.253 E/unknown:ReactNative( 9856): reactConsoleErrorHandler@1:105464
08-17 00:06:19.253 E/unknown:ReactNative( 9856): ?anon_0_@1:2759041
08-17 00:06:19.253 E/unknown:ReactNative( 9856): asyncGeneratorStep@1:486854
08-17 00:06:19.253 E/unknown:ReactNative( 9856): _throw@1:487159
08-17 00:06:19.253 D/SessionLifecycleService( 9856): Activity foregrounding at 9036767.
08-17 00:06:19.282 I/BLASTBufferQueue( 9856): [VRI[SignInHubActivity]@18506d9#37](f:0,a:1,s:0) destructor()
08-17 00:06:19.283 D/BufferQueueConsumer( 9856): [VRI[SignInHubActivity]@18506d9#37(BLAST Consumer)37](id:268000000025,api:0,p:-1,c:9856) disconnect
08-17 00:06:19.283 I/VRI[SignInHubActivity]@18506d9( 9856): Relayout returned: old=(0,0,1080,2340) new=(0,0,1080,2340) relayoutAsync=false req=(1080,2340)8 dur=29 res=0x2 s={false 0x0} ch=true seqId=0
08-17 00:06:19.283 D/VRI[SignInHubActivity]@18506d9( 9856): Not drawing due to not visible. Reason=!mAppVisible && !mForceDecorViewVisibility
08-17 00:06:19.284 I/InsetsController( 9856): onStateChanged: host=com.ballerbizoy.ballerai/com.ballerbizoy.ballerai.MainActivity, from=android.view.ViewRootImpl.handleInsetsControlChanged:2888, state=InsetsState: {mDisplayFrame=Rect(0, 0 - 1080, 2340), mDisplayCutout=DisplayCutout{insets=Rect(0, 80 - 0, 0) waterfall=Insets{left=0, top=0, right=0, bottom=0} boundingRect={Bounds=[Rect(0, 0 - 0, 0), Rect(472, 0 - 608, 80), Rect(0, 0 - 0, 0), Rect(0, 0 - 0, 0)]} cutoutPathParserInfo={CutoutPathParserInfo{displayWidth=1080 displayHeight=2340 physicalDisplayWidth=1080 physicalDisplayHeight=2340 density={2.8125} cutoutSpec={M 0,0 H -24.177777778 V 28.4444444444 H 24.177777778 V 0 H 0 Z @dp} rotation={0} scale={1.0} physicalPixelDisplaySizeRatio={1.0}}} sideOverrides={}}, mRoundedCorners=RoundedCorners{[RoundedCorner{position=TopLeft, radius=113, center=Point(113, 113)}, RoundedCorner{position=TopRight, radius=113, center=Point(967, 113)}, RoundedCorner{position=BottomRight, radius=113, center=Point(967, 2227)}, RoundedCorner{position=BottomLeft, radius=113, center=Point(113, 2227)}]}  mRoundedCornerFrame=Rect(0, 0 - 1080, 2340), mPrivacyIndicatorBounds=PrivacyIndicatorBounds {static bounds=Rect(956, 0 - 1080, 80) rotation=0}, mDisplayShape=DisplayShape{ spec=-311912193 displayWidth=1080 displayHeight=2340 physicalPixelDisplaySizeRatio=1.0 rotation=0 offsetX=0 offsetY=0 scale=1.0}, mSources= { InsetsSource: {27 mType=displayCutout mFrame=[0,0][1080,80] mVisible=true mFlags= mSideHint=TOP mBoundingRects=null}, InsetsSource: {566a0000 mType=statusBars mFrame=[0,0][1080,80] mVisible=true mFlags= mSideHint=TOP mBoundingRects=null}, InsetsSource: {566a0005 mType=mandatorySystemGestures mFrame=[0,0][1080,114] mVisible=true mFlags= mSideHint=TOP mBoundingRects=null}, InsetsSource: {566a0006 mType=tappableElement mFrame=[0,0][1080,80] mVisible=true mFlags= mSideHint=TOP mBoundingRects=null}, InsetsSource: {5fa10001 mType=navigationBars mFrame=[0,2205][1080,2340] mVisible=true mFlags= mSideHint=BOTTOM mBoundingRects=null}, InsetsSource: {5fa10004 mType=systemGestures mFrame=[0,0][0,0] mVisible=true mFlags= mSideHint=NONE mBoundingRects=null}, InsetsSource: {5fa10005 mType=mandatorySystemGestures mFrame=[0,2205][1080,2340] mVisible=true mFlags= mSideHint=BOTTOM mBoundingRects=null}, InsetsSource: {5fa10006 mType=tappableElement mFrame=[0,2205][1080,2340] mVisible=true mFlags= mSideHint=BOTTOM mBoundingRects=null}, InsetsSource: {5fa10024 mType=systemGestures mFrame=[0,0][0,0] mVisible=true mFlags= mSideHint=NONE mBoundingRects=null} }
08-17 00:06:19.285 I/InsetsSourceConsumer( 9856): applyRequestedVisibilityToControl: visible=true, type=navigationBars, host=com.ballerbizoy.ballerai/com.ballerbizoy.ballerai.MainActivity
08-17 00:06:19.285 I/InsetsSourceConsumer( 9856): applyRequestedVisibilityToControl: visible=true, type=statusBars, host=com.ballerbizoy.ballerai/com.ballerbizoy.ballerai.MainActivity
08-17 00:06:19.289 W/WindowOnBackDispatcher( 9856): OnBackInvokedCallback is not enabled for the application.
08-17 00:06:19.289 W/WindowOnBackDispatcher( 9856): Set 'android:enableOnBackInvokedCallback="true"' in the application manifest.
08-17 00:06:19.291 I/VRI[SignInHubActivity]@18506d9( 9856): stopped(true) old = false
08-17 00:06:19.291 D/VRI[SignInHubActivity]@18506d9( 9856): WindowStopped on com.ballerbizoy.ballerai/com.google.android.gms.auth.api.signin.internal.SignInHubActivity set to true
08-17 00:06:19.299 D/InputTransport( 9856): Input channel constructed: 'ClientS', fd=219
08-17 00:06:19.307 W/WindowOnBackDispatcher( 9856): sendCancelIfRunning: isInProgress=false callback=android.view.ViewRootImpl$$ExternalSyntheticLambda15@4acf77
08-17 00:06:19.308 I/VRI[SignInHubActivity]@18506d9( 9856): dispatchDetachedFromWindow
08-17 00:06:19.316 D/InputTransport( 9856): Input channel destroyed: 'ff09988', fd=215
08-17 00:06:19.318 D/InputTransport( 9856): Input channel destroyed: 'ClientS', fd=150
08-17 00:06:19.319 D/InputTransport( 9856): Input channel destroyed: 'ClientS', fd=191
08-17 00:06:19.321 D/VRI[MainActivity]@839bce9( 9856): mThreadedRenderer.initializeIfNeeded()#2 mSurface={isValid=true 0xb400007a95949800}
08-17 00:06:19.321 D/InputMethodManagerUtils( 9856): startInputInner - Id : 0
08-17 00:06:19.321 I/InputMethodManager( 9856): startInputInner - IInputMethodManagerGlobalInvoker.startInputOrWindowGainedFocus
08-17 00:06:19.324 I/Dialog  ( 9856): mIsDeviceDefault = false, mIsSamsungBasicInteraction = false, isMetaDataInActivity = false
08-17 00:06:19.328 I/DecorView( 9856): setWindowBackground: isPopOver=false color=fff1f1f3 d=android.graphics.drawable.InsetDrawable@2a04247
08-17 00:06:19.337 D/ScrollView( 9856): initGoToTop
08-17 00:06:19.340 I/WindowManager( 9856): WindowManagerGlobal#addView, ty=2, view=com.android.internal.policy.DecorView{860060d V.E...... R.....I. 0,0-0,0}[MainActivity], caller=android.view.WindowManagerImpl.addView:158 android.app.Dialog.show:511 androidx.fragment.app.DialogFragment.onStart:993 
08-17 00:06:19.343 I/ViewRootImpl( 9856): dVRR is disabled
08-17 00:06:19.344 D/NativeCustomFrequencyManager( 9856): [NativeCFMS] BpCustomFrequencyManager::BpCustomFrequencyManager()
08-17 00:06:19.359 D/InputTransport( 9856): Input channel constructed: 'fdd1062', fd=168
08-17 00:06:19.360 I/InsetsController( 9856): onStateChanged: host=com.ballerbizoy.ballerai/com.ballerbizoy.ballerai.MainActivity, from=android.view.ViewRootImpl.setView:1999, state=InsetsState: {mDisplayFrame=Rect(0, 0 - 1080, 2340), mDisplayCutout=DisplayCutout{insets=Rect(0, 80 - 0, 0) waterfall=Insets{left=0, top=0, right=0, bottom=0} boundingRect={Bounds=[Rect(0, 0 - 0, 0), Rect(472, 0 - 608, 80), Rect(0, 0 - 0, 0), Rect(0, 0 - 0, 0)]} cutoutPathParserInfo={CutoutPathParserInfo{displayWidth=1080 displayHeight=2340 physicalDisplayWidth=1080 physicalDisplayHeight=2340 density={2.8125} cutoutSpec={M 0,0 H -24.177777778 V 28.4444444444 H 24.177777778 V 0 H 0 Z @dp} rotation={0} scale={1.0} physicalPixelDisplaySizeRatio={1.0}}} sideOverrides={}}, mRoundedCorners=RoundedCorners{[RoundedCorner{position=TopLeft, radius=113, center=Point(113, 113)}, RoundedCorner{position=TopRight, radius=113, center=Point(967, 113)}, RoundedCorner{position=BottomRight, radius=113, center=Point(967, 2227)}, RoundedCorner{position=BottomLeft, radius=113, center=Point(113, 2227)}]}  mRoundedCornerFrame=Rect(0, 0 - 1080, 2340), mPrivacyIndicatorBounds=PrivacyIndicatorBounds {static bounds=Rect(956, 0 - 1080, 80) rotation=0}, mDisplayShape=DisplayShape{ spec=-311912193 displayWidth=1080 displayHeight=2340 physicalPixelDisplaySizeRatio=1.0 rotation=0 offsetX=0 offsetY=0 scale=1.0}, mSources= { InsetsSource: {27 mType=displayCutout mFrame=[0,0][1080,80] mVisible=true mFlags= mSideHint=TOP mBoundingRects=null}, InsetsSource: {566a0000 mType=statusBars mFrame=[0,0][1080,80] mVisible=true mFlags= mSideHint=TOP mBoundingRects=null}, InsetsSource: {566a0005 mType=mandatorySystemGestures mFrame=[0,0][1080,114] mVisible=true mFlags= mSideHint=TOP mBoundingRects=null}, InsetsSource: {566a0006 mType=tappableElement mFrame=[0,0][1080,80] mVisible=true mFlags= mSideHint=TOP mBoundingRects=null}, InsetsSource: {5fa10001 mType=navigationBars mFrame=[0,2205][1080,2340] mVisible=true mFlags= mSideHint=BOTTOM mBoundingRects=null}, InsetsSource: {5fa10004 mType=systemGestures mFrame=[0,0][0,0] mVisible=true mFlags= mSideHint=NONE mBoundingRects=null}, InsetsSource: {5fa10005 mType=mandatorySystemGestures mFrame=[0,2205][1080,2340] mVisible=true mFlags= mSideHint=BOTTOM mBoundingRects=null}, InsetsSource: {5fa10006 mType=tappableElement mFrame=[0,2205][1080,2340] mVisible=true mFlags= mSideHint=BOTTOM mBoundingRects=null}, InsetsSource: {5fa10024 mType=systemGestures mFrame=[0,0][0,0] mVisible=true mFlags= mSideHint=NONE mBoundingRects=null} }
08-17 00:06:19.360 I/VRI[MainActivity]@dc8b9c2( 9856): synced displayState. AttachInfo displayState=2
08-17 00:06:19.361 I/VRI[MainActivity]@dc8b9c2( 9856): setView = com.android.internal.policy.DecorView@860060d IsHRR=false TM=true
08-17 00:06:19.364 D/InputTransport( 9856): Input channel constructed: 'ClientS', fd=205
08-17 00:06:19.374 I/InsetsSourceConsumer( 9856): applyRequestedVisibilityToControl: visible=true, type=navigationBars, host=com.ballerbizoy.ballerai/com.ballerbizoy.ballerai.MainActivity
08-17 00:06:19.375 I/InsetsSourceConsumer( 9856): applyRequestedVisibilityToControl: visible=true, type=statusBars, host=com.ballerbizoy.ballerai/com.ballerbizoy.ballerai.MainActivity
08-17 00:06:19.375 D/BufferQueueConsumer( 9856): [](id:268000000026,api:0,p:-1,c:9856) connect: controlledByApp=false
08-17 00:06:19.376 I/BLASTBufferQueue( 9856): [VRI[MainActivity]@dc8b9c2#38](f:0,a:0,s:0) constructor()
08-17 00:06:19.376 I/BLASTBufferQueue_Java( 9856): new BLASTBufferQueue, mName= VRI[MainActivity]@dc8b9c2 mNativeObject= 0xb400007a5af5f000 sc.mNativeObject= 0xb400007bd809be80 caller= android.view.ViewRootImpl.updateBlastSurfaceIfNeeded:3397 android.view.ViewRootImpl.relayoutWindow:11361 android.view.ViewRootImpl.performTraversals:4544 android.view.ViewRootImpl.doTraversal:3708 android.view.ViewRootImpl$TraversalRunnable.run:12542 android.view.Choreographer$CallbackRecord.run:1751 android.view.Choreographer$CallbackRecord.run:1760 android.view.Choreographer.doCallbacks:1216 android.view.Choreographer.doFrame:1142 android.view.Choreographer$FrameDisplayEventReceiver.run:1707 
08-17 00:06:19.376 I/BLASTBufferQueue_Java( 9856): update, w= 1206 h= 814 mName = VRI[MainActivity]@dc8b9c2 mNativeObject= 0xb400007a5af5f000 sc.mNativeObject= 0xb400007bd809be80 format= -3 caller= android.graphics.BLASTBufferQueue.<init>:88 android.view.ViewRootImpl.updateBlastSurfaceIfNeeded:3397 android.view.ViewRootImpl.relayoutWindow:11361 android.view.ViewRootImpl.performTraversals:4544 android.view.ViewRootImpl.doTraversal:3708 android.view.ViewRootImpl$TraversalRunnable.run:12542 
08-17 00:06:19.376 I/BLASTBufferQueue( 9856): [VRI[MainActivity]@dc8b9c2#38](f:0,a:0,s:0) update width=1206 height=814 format=-3 mTransformHint=0
08-17 00:06:19.376 I/VRI[MainActivity]@dc8b9c2( 9856): Relayout returned: old=(0,80,1080,2205) new=(27,825,1053,1459) relayoutAsync=false req=(1026,634)0 dur=9 res=0x3 s={true 0xb400007bd3998000} ch=true seqId=0
08-17 00:06:19.377 I/VRI[MainActivity]@dc8b9c2( 9856): performConfigurationChange setNightDimText nightDimLevel=0
08-17 00:06:19.378 D/VRI[MainActivity]@dc8b9c2( 9856): mThreadedRenderer.initialize() mSurface={isValid=true 0xb400007bd3998000} hwInitialized=true
08-17 00:06:19.379 D/ScrollView( 9856):  onsize change changed 
08-17 00:06:19.379 D/VRI[MainActivity]@dc8b9c2( 9856): reportNextDraw android.view.ViewRootImpl.performTraversals:5193 android.view.ViewRootImpl.doTraversal:3708 android.view.ViewRootImpl$TraversalRunnable.run:12542 android.view.Choreographer$CallbackRecord.run:1751 android.view.Choreographer$CallbackRecord.run:1760 
08-17 00:06:19.379 D/VRI[MainActivity]@dc8b9c2( 9856): Setup new sync=wmsSync-VRI[MainActivity]@dc8b9c2#2
08-17 00:06:19.379 I/VRI[MainActivity]@dc8b9c2( 9856): Creating new active sync group VRI[MainActivity]@dc8b9c2#3
08-17 00:06:19.379 D/VRI[MainActivity]@dc8b9c2( 9856): registerCallbacksForSync syncBuffer=false
08-17 00:06:19.382 D/VRI[MainActivity]@dc8b9c2( 9856): Received frameDrawingCallback syncResult=0 frameNum=1.
08-17 00:06:19.382 I/VRI[MainActivity]@dc8b9c2( 9856): mWNT: t=0xb400007bd7eab180 mBlastBufferQueue=0xb400007a5af5f000 fn= 1 HdrRenderState mRenderHdrSdrRatio=1.0 caller= android.view.ViewRootImpl$11.onFrameDraw:15016 android.view.ThreadedRenderer$1.onFrameDraw:761 <bottom of call stack> 
08-17 00:06:19.382 I/VRI[MainActivity]@dc8b9c2( 9856): Setting up sync and frameCommitCallback
08-17 00:06:19.384 I/ReactNativeJS( 9856): 'AppsFlyer conversion data:', { status: 'failure',
08-17 00:06:19.384 I/ReactNativeJS( 9856):   type: 'onInstallConversionFailure',
08-17 00:06:19.384 I/ReactNativeJS( 9856):   data: 'Launch status code: 404' }
08-17 00:06:19.384 I/BLASTBufferQueue( 9856): [VRI[MainActivity]@dc8b9c2#38](f:0,a:0,s:0) onFrameAvailable the first frame is available
08-17 00:06:19.385 I/ReactNativeJS( 9856): 'AppsFlyer conversion data error:', 'Launch status code: 404'
08-17 00:06:19.385 I/BLASTBufferQueue( 9856): [VRI[MainActivity]@dc8b9c2#38](f:0,a:1,s:0) acquireNextBufferLocked size=1206x814 mFrameNumber=1 applyTransaction=true mTimestamp=9036901291076(auto) mPendingTransactions.size=0 graphicBufferId=42331197669528 transform=0
08-17 00:06:19.385 I/VRI[MainActivity]@dc8b9c2( 9856): Received frameCommittedCallback lastAttemptedDrawFrameNum=1 didProduceBuffer=true
08-17 00:06:19.387 D/HWUI    ( 9856): CFMS:: SetUp Pid : 9856    Tid : 9957
08-17 00:06:19.388 D/VRI[MainActivity]@dc8b9c2( 9856): reportDrawFinished seqId=0
08-17 00:06:19.389 D/HWUI    ( 9856): HWUI - treat SMPTE_170M as sRGB
08-17 00:06:19.390 I/InsetsController( 9856): onStateChanged: host=com.ballerbizoy.ballerai/com.ballerbizoy.ballerai.MainActivity, from=android.view.ViewRootImpl.handleInsetsControlChanged:2888, state=InsetsState: {mDisplayFrame=Rect(0, 0 - 1080, 2340), mDisplayCutout=DisplayCutout{insets=Rect(0, 80 - 0, 0) waterfall=Insets{left=0, top=0, right=0, bottom=0} boundingRect={Bounds=[Rect(0, 0 - 0, 0), Rect(472, 0 - 608, 80), Rect(0, 0 - 0, 0), Rect(0, 0 - 0, 0)]} cutoutPathParserInfo={CutoutPathParserInfo{displayWidth=1080 displayHeight=2340 physicalDisplayWidth=1080 physicalDisplayHeight=2340 density={2.8125} cutoutSpec={M 0,0 H -24.177777778 V 28.4444444444 H 24.177777778 V 0 H 0 Z @dp} rotation={0} scale={1.0} physicalPixelDisplaySizeRatio={1.0}}} sideOverrides={}}, mRoundedCorners=RoundedCorners{[RoundedCorner{position=TopLeft, radius=113, center=Point(113, 113)}, RoundedCorner{position=TopRight, radius=113, center=Point(967, 113)}, RoundedCorner{position=BottomRight, radius=113, center=Point(967, 2227)}, RoundedCorner{position=BottomLeft, radius=113, center=Point(113, 2227)}]}  mRoundedCornerFrame=Rect(0, 0 - 1080, 2340), mPrivacyIndicatorBounds=PrivacyIndicatorBounds {static bounds=Rect(956, 0 - 1080, 80) rotation=0}, mDisplayShape=DisplayShape{ spec=-311912193 displayWidth=1080 displayHeight=2340 physicalPixelDisplaySizeRatio=1.0 rotation=0 offsetX=0 offsetY=0 scale=1.0}, mSources= { InsetsSource: {3 mType=ime mFrame=[0,0][0,0] mVisible=false mFlags= mSideHint=NONE mBoundingRects=null}, InsetsSource: {27 mType=displayCutout mFrame=[0,0][1080,80] mVisible=true mFlags= mSideHint=TOP mBoundingRects=null}, InsetsSource: {566a0000 mType=statusBars mFrame=[0,0][1080,80] mVisible=true mFlags= mSideHint=TOP mBoundingRects=null}, InsetsSource: {566a0005 mType=mandatorySystemGestures mFrame=[0,0][1080,114] mVisible=true mFlags= mSideHint=TOP mBoundingRects=null}, InsetsSource: {566a0006 mType=tappableElement mFrame=[0,0][1080,80] mVisible=true mFlags= mSideHint=TOP mBoundingRects=null}, InsetsSource: {5fa10001 mType=navigationBars mFrame=[0,2205][1080,2340] mVisible=true mFlags= mSideHint=BOTTOM mBoundingRects=null}, InsetsSource: {5fa10004 mType=systemGestures mFrame=[0,0][0,0] mVisible=true mFlags= mSideHint=NONE mBoundingRects=null}, InsetsSource: {5fa10005 mType=mandatorySystemGestures mFrame=[0,2205][1080,2340] mVisible=true mFlags= mSideHint=BOTTOM mBoundingRects=null}, InsetsSource: {5fa10006 mType=tappableElement mFrame=[0,2205][1080,2340] mVisible=true mFlags= mSideHint=BOTTOM mBoundingRects=null}, InsetsSource: {5fa10024 mType=systemGestures mFrame=[0,0][0,0] mVisible=true mFlags= mSideHint=NONE mBoundingRects=null} }
08-17 00:06:19.391 I/VRI[MainActivity]@dc8b9c2( 9856): handleResized, frames=ClientWindowFrames{frame=[27,825][1053,1459] display=[0,80][1080,2205] parentFrame=[0,0][0,0]} displayId=0 dragResizing=false compatScale=1.0 frameChanged=false attachedFrameChanged=false configChanged=false displayChanged=false compatScaleChanged=false dragResizingChanged=false
08-17 00:06:19.391 I/VRI[MainActivity]@dc8b9c2( 9856): handleResized mSyncSeqId = 0
08-17 00:06:19.391 D/VRI[MainActivity]@dc8b9c2( 9856): reportNextDraw android.view.ViewRootImpl.handleResized:2864 android.view.ViewRootImpl.-$$Nest$mhandleResized:0 android.view.ViewRootImpl$W.resized:13691 android.app.servertransaction.WindowStateResizeItem.execute:64 android.app.servertransaction.WindowStateTransactionItem.execute:59 
08-17 00:06:19.391 D/VRI[MainActivity]@dc8b9c2( 9856): Setup new sync=wmsSync-VRI[MainActivity]@dc8b9c2#4
08-17 00:06:19.391 I/VRI[MainActivity]@dc8b9c2( 9856): Creating new active sync group VRI[MainActivity]@dc8b9c2#5
08-17 00:06:19.392 D/VRI[MainActivity]@dc8b9c2( 9856): registerCallbacksForSync syncBuffer=false
08-17 00:06:19.392 D/VRI[MainActivity]@dc8b9c2( 9856): Received frameDrawingCallback syncResult=0 frameNum=2.
08-17 00:06:19.392 I/VRI[MainActivity]@dc8b9c2( 9856): Setting up sync and frameCommitCallback
08-17 00:06:19.392 I/VRI[MainActivity]@dc8b9c2( 9856): Received frameCommittedCallback lastAttemptedDrawFrameNum=2 didProduceBuffer=false
08-17 00:06:19.392 I/BLASTBufferQueue_Java( 9856): gatherPendingTransactions, mName= VRI[MainActivity]@dc8b9c2 mNativeObject= 0xb400007a5af5f000 frameNumber= 2 caller= android.view.ViewRootImpl$11.lambda$onFrameDraw$3:15100 android.view.ViewRootImpl$11.$r8$lambda$lOIKKNnrcWn9ZndeJebfX4H5mOg:0 android.view.ViewRootImpl$11$$ExternalSyntheticLambda3.onFrameCommit:0 android.view.ThreadedRenderer$1.lambda$onFrameDraw$0:773 android.view.ThreadedRenderer$1$$ExternalSyntheticLambda0.onFrameCommit:0 <bottom of call stack> 
08-17 00:06:19.393 D/VRI[MainActivity]@dc8b9c2( 9856): reportDrawFinished seqId=0
08-17 00:06:19.393 I/InsetsSourceConsumer( 9856): applyRequestedVisibilityToControl: visible=false, type=ime, host=com.ballerbizoy.ballerai/com.ballerbizoy.ballerai.MainActivity
08-17 00:06:19.393 I/ImeFocusController( 9856): onPreWindowFocus: skipped hasWindowFocus=false mHasImeFocus=true
08-17 00:06:19.394 I/ImeFocusController( 9856): onPostWindowFocus: skipped hasWindowFocus=false mHasImeFocus=true
08-17 00:06:19.425 D/VRI[MainActivity]@dc8b9c2( 9856): mThreadedRenderer.initializeIfNeeded()#2 mSurface={isValid=true 0xb400007bd3998000}
08-17 00:06:19.425 I/ImeFocusController( 9856): onPreWindowFocus: skipped hasWindowFocus=true mHasImeFocus=false
08-17 00:06:19.425 I/ImeFocusController( 9856): onPostWindowFocus: skipped hasWindowFocus=true mHasImeFocus=false
08-17 00:06:19.867 I/VRI[MainActivity]@dc8b9c2( 9856): ViewPostIme pointer 0
08-17 00:06:19.868 I/VRI[MainActivity]@dc8b9c2( 9856): call setFrameRateCategory for touch hint category=high hint, reason=touch, vri=VRI[MainActivity]@dc8b9c2
08-17 00:06:19.964 I/VRI[MainActivity]@dc8b9c2( 9856): ViewPostIme pointer 1
08-17 00:06:19.974 I/WindowManager( 9856): WindowManagerGlobal#removeView, ty=2, view=com.android.internal.policy.DecorView{860060d V.E...... R....... 0,0-1026,634}[MainActivity], caller=android.view.WindowManagerGlobal.removeView:626 android.view.WindowManagerImpl.removeViewImmediate:216 android.app.Dialog.dismissDialog:808 
08-17 00:06:19.974 W/WindowOnBackDispatcher( 9856): sendCancelIfRunning: isInProgress=false callback=android.view.ViewRootImpl$$ExternalSyntheticLambda15@a34b83c
08-17 00:06:19.979 D/HWUI    ( 9856): endAllActiveAnimators on 0xb400007a92b42600 (RippleDrawable) with handle 0xb400007a333cee60
08-17 00:06:19.979 I/VRI[MainActivity]@dc8b9c2( 9856): dispatchDetachedFromWindow
08-17 00:06:19.989 I/BLASTBufferQueue( 9856): [VRI[MainActivity]@dc8b9c2#38](f:0,a:1,s:0) destructor()
08-17 00:06:19.990 D/BufferQueueConsumer( 9856): [VRI[MainActivity]@dc8b9c2#38(BLAST Consumer)38](id:268000000026,api:0,p:-1,c:9856) disconnect
08-17 00:06:19.991 D/InputTransport( 9856): Input channel destroyed: 'fdd1062', fd=168
08-17 00:06:19.992 W/WindowOnBackDispatcher( 9856): OnBackInvokedCallback is not enabled for the application.
08-17 00:06:19.992 W/WindowOnBackDispatcher( 9856): Set 'android:enableOnBackInvokedCallback="true"' in the application manifest.
08-17 00:06:19.994 I/InsetsSourceConsumer( 9856): applyRequestedVisibilityToControl: visible=true, type=navigationBars, host=com.ballerbizoy.ballerai/com.ballerbizoy.ballerai.MainActivity
08-17 00:06:19.994 I/InsetsSourceConsumer( 9856): applyRequestedVisibilityToControl: visible=true, type=statusBars, host=com.ballerbizoy.ballerai/com.ballerbizoy.ballerai.MainActivity
08-17 00:06:20.009 D/VRI[MainActivity]@839bce9( 9856): mThreadedRenderer.initializeIfNeeded()#2 mSurface={isValid=true 0xb400007a95949800}
08-17 00:06:20.009 D/InputMethodManagerUtils( 9856): startInputInner - Id : 0
08-17 00:06:20.009 I/InputMethodManager( 9856): startInputInner - IInputMethodManagerGlobalInvoker.startInputOrWindowGainedFocus
08-17 00:06:20.013 D/InputTransport( 9856): Input channel constructed: 'ClientS', fd=168
08-17 00:06:20.803 I/VRI[MainActivity]@839bce9( 9856): call setFrameRateCategory for touch hint category=no preference, reason=boost timeout, vri=VRI[MainActivity]@839bce9
